2019-08-24 15:32:35,061 - myplatform: 144 -   <module>() - INFO - Update
2019-08-24 15:32:35,064 - myplatform: 151 -   <module>() - INFO - Draw
2019-08-24 15:32:35,094 - myplatform: 144 -   <module>() - INFO - Update
2019-08-24 15:32:35,096 - myplatform: 151 -   <module>() - INFO - Draw
2019-08-24 15:32:35,128 - myplatform: 144 -   <module>() - INFO - Update
2019-08-24 15:32:35,130 - myplatform: 151 -   <module>() - INFO - Draw
2019-08-24 15:32:35,162 - myplatform: 144 -   <module>() - INFO - Update
2019-08-24 15:32:35,164 - myplatform: 151 -   <module>() - INFO - Draw
2019-08-24 15:32:35,196 - myplatform: 144 -   <module>() - INFO - Update
2019-08-24 15:32:35,197 - myplatform: 151 -   <module>() - INFO - Draw
2019-08-24 15:32:35,230 - myplatform: 144 -   <module>() - INFO - Update
2019-08-24 15:32:35,232 - myplatform: 151 -   <module>() - INFO - Draw
2019-08-24 15:32:35,264 - myplatform: 144 -   <module>() - INFO - Update
2019-08-24 15:32:35,266 - myplatform: 151 -   <module>() - INFO - Draw
2019-08-24 15:32:35,297 - myplatform: 144 -   <module>() - INFO - Update
2019-08-24 15:32:35,302 - myplatform: 151 -   <module>() - INFO - Draw
2019-08-24 15:32:35,331 - myplatform: 144 -   <module>() - INFO - Update
2019-08-24 15:32:35,336 - myplatform: 151 -   <module>() - INFO - Draw
2019-08-24 15:32:35,368 - myplatform: 144 -   <module>() - INFO - Update
2019-08-24 15:32:35,368 - character.:  94 - check_for_() - INFO - Jump
2019-08-24 15:32:35,372 - myplatform: 151 -   <module>() - INFO - Draw
2019-08-24 15:32:35,399 - myplatform: 144 -   <module>() - INFO - Update
2019-08-24 15:32:35,405 - myplatform: 151 -   <module>() - INFO - Draw
2019-08-24 15:32:35,432 - myplatform: 144 -   <module>() - INFO - Update
2019-08-24 15:32:35,438 - myplatform: 151 -   <module>() - INFO - Draw
2019-08-24 15:32:35,467 - myplatform: 144 -   <module>() - INFO - Update
2019-08-24 15:32:35,473 - myplatform: 151 -   <module>() - INFO - Draw
2019-08-24 15:32:35,502 - myplatform: 144 -   <module>() - INFO - Update
2019-08-24 15:32:35,507 - myplatform: 151 -   <module>() - INFO - Draw
2019-08-24 15:32:35,536 - myplatform: 144 -   <module>() - INFO - Update
2019-08-24 15:32:35,541 - myplatform: 151 -   <module>() - INFO - Draw
2019-08-24 15:32:35,569 - myplatform: 144 -   <module>() - INFO - Update
2019-08-24 15:32:35,575 - myplatform: 151 -   <module>() - INFO - Draw
2019-08-24 15:32:35,604 - myplatform: 144 -   <module>() - INFO - Update
2019-08-24 15:32:35,607 - myplatform: 151 -   <module>() - INFO - Draw
2019-08-24 15:32:35,639 - myplatform: 144 -   <module>() - INFO - Update
2019-08-24 15:32:35,642 - myplatform: 151 -   <module>() - INFO - Draw
2019-08-24 15:32:35,673 - myplatform: 144 -   <module>() - INFO - Update
2019-08-24 15:32:35,676 - myplatform: 151 -   <module>() - INFO - Draw
2019-08-24 15:32:35,707 - myplatform: 144 -   <module>() - INFO - Update
2019-08-24 15:32:35,710 - myplatform: 151 -   <module>() - INFO - Draw
2019-08-24 15:32:35,741 - myplatform: 144 -   <module>() - INFO - Update
2019-08-24 15:32:35,747 - myplatform: 151 -   <module>() - INFO - Draw
2019-08-24 15:32:35,774 - myplatform: 144 -   <module>() - INFO - Update
2019-08-24 15:32:35,781 - myplatform: 151 -   <module>() - INFO - Draw
2019-08-24 15:32:35,808 - myplatform: 144 -   <module>() - INFO - Update
2019-08-24 15:32:35,814 - myplatform: 151 -   <module>() - INFO - Draw
2019-08-24 15:32:35,843 - myplatform: 144 -   <module>() - INFO - Update
2019-08-24 15:32:35,849 - myplatform: 151 -   <module>() - INFO - Draw
2019-08-24 15:32:35,875 - myplatform: 144 -   <module>() - INFO - Update
2019-08-24 15:32:35,882 - myplatform: 151 -   <module>() - INFO - Draw
2019-08-24 15:32:35,909 - myplatform: 144 -   <module>() - INFO - Update
2019-08-24 15:32:35,915 - myplatform: 151 -   <module>() - INFO - Draw
2019-08-24 15:32:35,943 - myplatform: 144 -   <module>() - INFO - Update
2019-08-24 15:32:35,947 - myplatform: 151 -   <module>() - INFO - Draw
2019-08-24 15:32:35,977 - myplatform: 144 -   <module>() - INFO - Update
2019-08-24 15:32:35,979 - myplatform: 151 -   <module>() - INFO - Draw
2019-08-24 15:32:36,011 - myplatform: 144 -   <module>() - INFO - Update
2019-08-24 15:32:36,013 - myplatform: 151 -   <module>() - INFO - Draw
2019-08-24 15:32:36,045 - myplatform: 144 -   <module>() - INFO - Update
2019-08-24 15:32:36,047 - myplatform: 151 -   <module>() - INFO - Draw
2019-08-24 15:32:36,078 - myplatform: 144 -   <module>() - INFO - Update
2019-08-24 15:32:36,078 - character.: 129 - act_on_col() - INFO - Hit button.  y_speed = 10
2019-08-24 15:32:36,080 - myplatform: 151 -   <module>() - INFO - Draw
2019-08-24 15:32:36,112 - myplatform: 144 -   <module>() - INFO - Update
2019-08-24 15:32:36,113 - myplatform: 151 -   <module>() - INFO - Draw
2019-08-24 15:32:36,145 - myplatform: 144 -   <module>() - INFO - Update
2019-08-24 15:32:36,150 - myplatform: 151 -   <module>() - INFO - Draw
2019-08-24 15:32:36,179 - myplatform: 144 -   <module>() - INFO - Update
2019-08-24 15:32:36,186 - myplatform: 151 -   <module>() - INFO - Draw
2019-08-24 15:32:36,214 - myplatform: 144 -   <module>() - INFO - Update
2019-08-24 15:32:36,220 - myplatform: 151 -   <module>() - INFO - Draw
2019-08-24 15:32:36,247 - myplatform: 144 -   <module>() - INFO - Update
2019-08-24 15:32:36,254 - myplatform: 151 -   <module>() - INFO - Draw
2019-08-24 15:32:36,281 - myplatform: 144 -   <module>() - INFO - Update
2019-08-24 15:32:36,287 - myplatform: 151 -   <module>() - INFO - Draw
2019-08-24 15:32:36,315 - myplatform: 144 -   <module>() - INFO - Update
2019-08-24 15:32:36,321 - myplatform: 151 -   <module>() - INFO - Draw
2019-08-24 15:32:36,349 - myplatform: 144 -   <module>() - INFO - Update
2019-08-24 15:32:36,356 - myplatform: 151 -   <module>() - INFO - Draw
2019-08-24 15:32:36,384 - myplatform: 144 -   <module>() - INFO - Update
2019-08-24 15:32:36,385 - character.: 129 - act_on_col() - INFO - Hit button.  y_speed = 5
2019-08-24 15:32:36,386 - character.: 129 - act_on_col() - INFO - Hit button.  y_speed = 5
2019-08-24 15:32:36,392 - myplatform: 151 -   <module>() - INFO - Draw
2019-08-24 15:32:36,417 - myplatform: 144 -   <module>() - INFO - Update
2019-08-24 15:32:36,423 - myplatform: 151 -   <module>() - INFO - Draw
2019-08-24 15:32:36,451 - myplatform: 144 -   <module>() - INFO - Update
2019-08-24 15:32:36,457 - myplatform: 151 -   <module>() - INFO - Draw
2019-08-24 15:32:36,485 - myplatform: 144 -   <module>() - INFO - Update
2019-08-24 15:32:36,491 - myplatform: 151 -   <module>() - INFO - Draw
2019-08-24 15:32:36,519 - myplatform: 144 -   <module>() - INFO - Update
2019-08-24 15:32:36,526 - myplatform: 151 -   <module>() - INFO - Draw
2019-08-24 15:32:36,553 - myplatform: 144 -   <module>() - INFO - Update
2019-08-24 15:32:36,557 - myplatform: 151 -   <module>() - INFO - Draw
2019-08-24 15:32:36,587 - myplatform: 144 -   <module>() - INFO - Update
2019-08-24 15:32:36,591 - myplatform: 151 -   <module>() - INFO - Draw
2019-08-24 15:32:36,621 - myplatform: 144 -   <module>() - INFO - Update
2019-08-24 15:32:36,628 - myplatform: 151 -   <module>() - INFO - Draw
2019-08-24 15:32:36,655 - myplatform: 144 -   <module>() - INFO - Update
2019-08-24 15:32:36,662 - myplatform: 151 -   <module>() - INFO - Draw
2019-08-24 15:32:36,690 - myplatform: 144 -   <module>() - INFO - Update
2019-08-24 15:32:36,697 - myplatform: 151 -   <module>() - INFO - Draw
2019-08-24 15:32:36,723 - myplatform: 144 -   <module>() - INFO - Update
2019-08-24 15:32:36,729 - myplatform: 151 -   <module>() - INFO - Draw
2019-08-24 15:32:36,757 - myplatform: 144 -   <module>() - INFO - Update
2019-08-24 15:32:36,760 - myplatform: 151 -   <module>() - INFO - Draw
2019-08-24 15:32:36,792 - myplatform: 144 -   <module>() - INFO - Update
2019-08-24 15:32:36,794 - myplatform: 151 -   <module>() - INFO - Draw
2019-08-24 15:32:36,825 - myplatform: 144 -   <module>() - INFO - Update
2019-08-24 15:32:36,827 - myplatform: 151 -   <module>() - INFO - Draw
2019-08-24 15:32:36,859 - myplatform: 144 -   <module>() - INFO - Update
2019-08-24 15:32:36,861 - myplatform: 151 -   <module>() - INFO - Draw
2019-08-24 15:32:36,893 - myplatform: 144 -   <module>() - INFO - Update
2019-08-24 15:32:36,895 - myplatform: 151 -   <module>() - INFO - Draw
2019-08-24 15:32:36,926 - myplatform: 144 -   <module>() - INFO - Update
2019-08-24 15:32:36,928 - myplatform: 151 -   <module>() - INFO - Draw
2019-08-24 15:32:36,961 - myplatform: 144 -   <module>() - INFO - Update
2019-08-24 15:32:36,962 - myplatform: 151 -   <module>() - INFO - Draw
2019-08-24 15:32:36,995 - myplatform: 144 -   <module>() - INFO - Update
2019-08-24 15:32:36,997 - myplatform: 151 -   <module>() - INFO - Draw
2019-08-24 15:32:37,030 - myplatform: 144 -   <module>() - INFO - Update
2019-08-24 15:32:37,036 - myplatform: 151 -   <module>() - INFO - Draw
2019-08-24 15:32:37,065 - myplatform: 144 -   <module>() - INFO - Update
2019-08-24 15:32:37,070 - myplatform: 151 -   <module>() - INFO - Draw
2019-08-24 15:32:37,099 - myplatform: 144 -   <module>() - INFO - Update
2019-08-24 15:32:37,106 - myplatform: 151 -   <module>() - INFO - Draw
2019-08-24 15:32:37,133 - myplatform: 144 -   <module>() - INFO - Update
2019-08-24 15:32:37,139 - myplatform: 151 -   <module>() - INFO - Draw
2019-08-24 15:32:37,168 - myplatform: 144 -   <module>() - INFO - Update
2019-08-24 15:32:37,174 - myplatform: 151 -   <module>() - INFO - Draw
2019-08-24 15:32:37,200 - myplatform: 144 -   <module>() - INFO - Update
2019-08-24 15:32:37,207 - myplatform: 151 -   <module>() - INFO - Draw
2019-08-24 15:32:37,234 - myplatform: 144 -   <module>() - INFO - Update
2019-08-24 15:32:37,239 - myplatform: 151 -   <module>() - INFO - Draw
2019-08-24 15:32:37,268 - myplatform: 144 -   <module>() - INFO - Update
2019-08-24 15:32:37,273 - myplatform: 151 -   <module>() - INFO - Draw
2019-08-24 15:32:37,302 - myplatform: 144 -   <module>() - INFO - Update
2019-08-24 15:32:37,308 - myplatform: 151 -   <module>() - INFO - Draw
2019-08-24 15:32:37,337 - myplatform: 144 -   <module>() - INFO - Update
2019-08-24 15:32:37,343 - myplatform: 151 -   <module>() - INFO - Draw
2019-08-24 15:32:37,373 - myplatform: 144 -   <module>() - INFO - Update
2019-08-24 15:32:37,380 - myplatform: 151 -   <module>() - INFO - Draw
2019-08-24 15:32:37,406 - myplatform: 144 -   <module>() - INFO - Update
2019-08-24 15:32:37,413 - myplatform: 151 -   <module>() - INFO - Draw
2019-08-24 15:32:37,440 - myplatform: 144 -   <module>() - INFO - Update
2019-08-24 15:32:37,447 - myplatform: 151 -   <module>() - INFO - Draw
2019-08-24 15:32:37,475 - myplatform: 144 -   <module>() - INFO - Update
2019-08-24 15:32:37,481 - myplatform: 151 -   <module>() - INFO - Draw
2019-08-24 15:32:37,509 - myplatform: 144 -   <module>() - INFO - Update
2019-08-24 15:32:37,516 - myplatform: 151 -   <module>() - INFO - Draw
2019-08-24 15:32:37,543 - myplatform: 144 -   <module>() - INFO - Update
2019-08-24 15:32:37,550 - myplatform: 151 -   <module>() - INFO - Draw
2019-08-24 15:32:37,577 - myplatform: 144 -   <module>() - INFO - Update
2019-08-24 15:32:37,584 - myplatform: 151 -   <module>() - INFO - Draw
2019-08-24 15:32:37,611 - myplatform: 144 -   <module>() - INFO - Update
2019-08-24 15:32:37,618 - myplatform: 151 -   <module>() - INFO - Draw
2019-08-24 15:32:37,645 - myplatform: 144 -   <module>() - INFO - Update
2019-08-24 15:32:37,651 - myplatform: 151 -   <module>() - INFO - Draw
2019-08-24 15:32:37,679 - myplatform: 144 -   <module>() - INFO - Update
2019-08-24 15:32:37,685 - myplatform: 151 -   <module>() - INFO - Draw
2019-08-24 15:32:37,714 - myplatform: 144 -   <module>() - INFO - Update
2019-08-24 15:32:37,719 - myplatform: 151 -   <module>() - INFO - Draw
2019-08-24 15:32:37,748 - myplatform: 144 -   <module>() - INFO - Update
2019-08-24 15:32:37,753 - myplatform: 151 -   <module>() - INFO - Draw
2019-08-24 15:32:37,782 - myplatform: 144 -   <module>() - INFO - Update
2019-08-24 15:32:37,789 - myplatform: 151 -   <module>() - INFO - Draw
2019-08-24 15:32:37,816 - myplatform: 144 -   <module>() - INFO - Update
2019-08-24 15:32:37,822 - myplatform: 151 -   <module>() - INFO - Draw
2019-08-24 15:32:37,849 - myplatform: 144 -   <module>() - INFO - Update
2019-08-24 15:32:37,856 - myplatform: 151 -   <module>() - INFO - Draw
2019-08-24 15:32:37,884 - myplatform: 144 -   <module>() - INFO - Update
2019-08-24 15:32:37,890 - myplatform: 151 -   <module>() - INFO - Draw
2019-08-24 15:32:37,917 - myplatform: 144 -   <module>() - INFO - Update
2019-08-24 15:32:37,921 - myplatform: 151 -   <module>() - INFO - Draw
2019-08-24 15:32:37,950 - myplatform: 144 -   <module>() - INFO - Update
2019-08-24 15:32:37,952 - myplatform: 151 -   <module>() - INFO - Draw
2019-08-24 15:32:37,985 - myplatform: 144 -   <module>() - INFO - Update
2019-08-24 15:32:37,987 - myplatform: 151 -   <module>() - INFO - Draw
2019-08-24 15:32:38,020 - myplatform: 144 -   <module>() - INFO - Update
2019-08-24 15:32:38,025 - myplatform: 151 -   <module>() - INFO - Draw
2019-08-24 15:32:38,055 - myplatform: 144 -   <module>() - INFO - Update
2019-08-24 15:32:38,062 - myplatform: 151 -   <module>() - INFO - Draw
2019-08-24 15:32:38,088 - myplatform: 144 -   <module>() - INFO - Update
2019-08-24 15:32:38,095 - myplatform: 151 -   <module>() - INFO - Draw
2019-08-24 15:32:38,122 - myplatform: 144 -   <module>() - INFO - Update
2019-08-24 15:32:38,128 - myplatform: 151 -   <module>() - INFO - Draw
2019-08-24 15:32:38,156 - myplatform: 144 -   <module>() - INFO - Update
2019-08-24 15:32:38,162 - myplatform: 151 -   <module>() - INFO - Draw
2019-08-24 15:32:38,191 - myplatform: 144 -   <module>() - INFO - Update
2019-08-24 15:32:38,195 - myplatform: 151 -   <module>() - INFO - Draw
2019-08-24 15:32:38,225 - myplatform: 144 -   <module>() - INFO - Update
2019-08-24 15:32:38,231 - myplatform: 151 -   <module>() - INFO - Draw
2019-08-24 15:32:38,258 - myplatform: 144 -   <module>() - INFO - Update
2019-08-24 15:32:38,264 - myplatform: 151 -   <module>() - INFO - Draw
2019-08-24 15:32:38,292 - myplatform: 144 -   <module>() - INFO - Update
2019-08-24 15:32:38,298 - myplatform: 151 -   <module>() - INFO - Draw
2019-08-24 15:32:38,325 - myplatform: 144 -   <module>() - INFO - Update
2019-08-24 15:32:38,331 - myplatform: 151 -   <module>() - INFO - Draw
2019-08-24 15:32:38,361 - myplatform: 144 -   <module>() - INFO - Update
2019-08-24 15:32:38,368 - myplatform: 151 -   <module>() - INFO - Draw
2019-08-24 15:32:38,393 - myplatform: 144 -   <module>() - INFO - Update
2019-08-24 15:32:38,399 - myplatform: 151 -   <module>() - INFO - Draw
2019-08-24 15:32:38,427 - myplatform: 144 -   <module>() - INFO - Update
2019-08-24 15:32:38,433 - myplatform: 151 -   <module>() - INFO - Draw
2019-08-24 15:32:38,462 - myplatform: 144 -   <module>() - INFO - Update
2019-08-24 15:32:38,468 - myplatform: 151 -   <module>() - INFO - Draw
2019-08-24 15:32:38,496 - myplatform: 144 -   <module>() - INFO - Update
2019-08-24 15:32:38,502 - myplatform: 151 -   <module>() - INFO - Draw
2019-08-24 15:32:38,530 - myplatform: 144 -   <module>() - INFO - Update
2019-08-24 15:32:38,536 - myplatform: 151 -   <module>() - INFO - Draw
2019-08-24 15:32:38,564 - myplatform: 144 -   <module>() - INFO - Update
2019-08-24 15:32:38,570 - myplatform: 151 -   <module>() - INFO - Draw
2019-08-24 15:32:38,598 - myplatform: 144 -   <module>() - INFO - Update
2019-08-24 15:32:38,604 - myplatform: 151 -   <module>() - INFO - Draw
2019-08-24 15:32:38,632 - myplatform: 144 -   <module>() - INFO - Update
2019-08-24 15:32:38,638 - myplatform: 151 -   <module>() - INFO - Draw
2019-08-24 15:32:38,666 - myplatform: 144 -   <module>() - INFO - Update
2019-08-24 15:32:38,673 - myplatform: 151 -   <module>() - INFO - Draw
2019-08-24 15:32:38,700 - myplatform: 144 -   <module>() - INFO - Update
2019-08-24 15:32:38,706 - myplatform: 151 -   <module>() - INFO - Draw
2019-08-24 15:32:38,735 - myplatform: 144 -   <module>() - INFO - Update
2019-08-24 15:32:38,740 - myplatform: 151 -   <module>() - INFO - Draw
2019-08-24 15:32:38,768 - myplatform: 144 -   <module>() - INFO - Update
2019-08-24 15:32:38,774 - myplatform: 151 -   <module>() - INFO - Draw
2019-08-24 15:32:38,802 - myplatform: 144 -   <module>() - INFO - Update
2019-08-24 15:32:38,808 - myplatform: 151 -   <module>() - INFO - Draw
2019-08-24 15:32:38,836 - myplatform: 144 -   <module>() - INFO - Update
2019-08-24 15:32:38,842 - myplatform: 151 -   <module>() - INFO - Draw
2019-08-24 15:32:38,870 - myplatform: 144 -   <module>() - INFO - Update
2019-08-24 15:32:38,877 - myplatform: 151 -   <module>() - INFO - Draw
2019-08-24 15:32:38,904 - myplatform: 144 -   <module>() - INFO - Update
2019-08-24 15:32:38,910 - myplatform: 151 -   <module>() - INFO - Draw
2019-08-24 15:32:38,939 - myplatform: 144 -   <module>() - INFO - Update
2019-08-24 15:32:38,945 - myplatform: 151 -   <module>() - INFO - Draw
2019-08-24 15:32:38,973 - myplatform: 144 -   <module>() - INFO - Update
2019-08-24 15:32:38,979 - myplatform: 151 -   <module>() - INFO - Draw
2019-08-24 15:32:39,007 - myplatform: 144 -   <module>() - INFO - Update
2019-08-24 15:32:39,013 - myplatform: 151 -   <module>() - INFO - Draw
2019-08-24 15:32:39,042 - myplatform: 144 -   <module>() - INFO - Update
2019-08-24 15:32:39,048 - myplatform: 151 -   <module>() - INFO - Draw
2019-08-24 15:32:39,076 - myplatform: 144 -   <module>() - INFO - Update
2019-08-24 15:32:39,082 - myplatform: 151 -   <module>() - INFO - Draw
2019-08-24 15:32:39,110 - myplatform: 144 -   <module>() - INFO - Update
2019-08-24 15:32:39,117 - myplatform: 151 -   <module>() - INFO - Draw
2019-08-24 15:32:39,143 - myplatform: 144 -   <module>() - INFO - Update
2019-08-24 15:32:39,149 - myplatform: 151 -   <module>() - INFO - Draw
2019-08-24 15:32:39,178 - myplatform: 144 -   <module>() - INFO - Update
2019-08-24 15:32:39,184 - myplatform: 151 -   <module>() - INFO - Draw
2019-08-24 15:32:39,213 - myplatform: 144 -   <module>() - INFO - Update
2019-08-24 15:32:39,219 - myplatform: 151 -   <module>() - INFO - Draw
2019-08-24 15:32:39,247 - myplatform: 144 -   <module>() - INFO - Update
2019-08-24 15:32:39,253 - myplatform: 151 -   <module>() - INFO - Draw
2019-08-24 15:32:39,282 - myplatform: 144 -   <module>() - INFO - Update
2019-08-24 15:32:39,288 - myplatform: 151 -   <module>() - INFO - Draw
2019-08-24 15:32:39,316 - myplatform: 144 -   <module>() - INFO - Update
2019-08-24 15:32:39,322 - myplatform: 151 -   <module>() - INFO - Draw
2019-08-24 15:32:39,350 - myplatform: 144 -   <module>() - INFO - Update
2019-08-24 15:32:39,354 - myplatform: 151 -   <module>() - INFO - Draw
2019-08-24 15:32:39,384 - myplatform: 144 -   <module>() - INFO - Update
2019-08-24 15:32:39,388 - myplatform: 151 -   <module>() - INFO - Draw
2019-08-24 15:32:39,419 - myplatform: 144 -   <module>() - INFO - Update
2019-08-24 15:32:39,425 - myplatform: 151 -   <module>() - INFO - Draw
2019-08-24 15:32:39,454 - myplatform: 144 -   <module>() - INFO - Update
2019-08-24 15:32:39,460 - myplatform: 151 -   <module>() - INFO - Draw
2019-08-24 15:32:39,488 - myplatform: 144 -   <module>() - INFO - Update
2019-08-24 15:32:39,494 - myplatform: 151 -   <module>() - INFO - Draw
2019-08-24 15:32:39,522 - myplatform: 144 -   <module>() - INFO - Update
2019-08-24 15:32:39,529 - myplatform: 151 -   <module>() - INFO - Draw
2019-08-24 15:32:39,556 - myplatform: 144 -   <module>() - INFO - Update
2019-08-24 15:32:39,562 - myplatform: 151 -   <module>() - INFO - Draw
2019-08-24 15:32:39,590 - myplatform: 144 -   <module>() - INFO - Update
2019-08-24 15:32:39,597 - myplatform: 151 -   <module>() - INFO - Draw
2019-08-24 15:32:39,624 - myplatform: 144 -   <module>() - INFO - Update
2019-08-24 15:32:39,629 - myplatform: 151 -   <module>() - INFO - Draw
2019-08-24 15:32:39,656 - myplatform: 144 -   <module>() - INFO - Update
2019-08-24 15:32:39,663 - myplatform: 151 -   <module>() - INFO - Draw
2019-08-24 15:32:39,690 - myplatform: 144 -   <module>() - INFO - Update
2019-08-24 15:32:39,697 - myplatform: 151 -   <module>() - INFO - Draw
2019-08-24 15:32:39,725 - myplatform: 144 -   <module>() - INFO - Update
2019-08-24 15:32:39,730 - myplatform: 151 -   <module>() - INFO - Draw
2019-08-24 15:32:39,759 - myplatform: 144 -   <module>() - INFO - Update
2019-08-24 15:32:39,762 - myplatform: 151 -   <module>() - INFO - Draw
2019-08-24 15:32:39,793 - myplatform: 144 -   <module>() - INFO - Update
2019-08-24 15:32:39,797 - myplatform: 151 -   <module>() - INFO - Draw
2019-08-24 15:32:39,826 - myplatform: 144 -   <module>() - INFO - Update
2019-08-24 15:32:39,833 - myplatform: 151 -   <module>() - INFO - Draw
2019-08-24 15:32:39,860 - myplatform: 144 -   <module>() - INFO - Update
2019-08-24 15:32:39,867 - myplatform: 151 -   <module>() - INFO - Draw
2019-08-24 15:32:39,894 - myplatform: 144 -   <module>() - INFO - Update
2019-08-24 15:32:39,900 - myplatform: 151 -   <module>() - INFO - Draw
2019-08-24 15:32:39,928 - myplatform: 144 -   <module>() - INFO - Update
2019-08-24 15:32:39,934 - myplatform: 151 -   <module>() - INFO - Draw
2019-08-24 15:32:39,963 - myplatform: 144 -   <module>() - INFO - Update
2019-08-24 15:32:39,969 - myplatform: 151 -   <module>() - INFO - Draw
2019-08-24 15:32:39,997 - myplatform: 144 -   <module>() - INFO - Update
2019-08-24 15:32:40,003 - myplatform: 151 -   <module>() - INFO - Draw
2019-08-24 15:32:40,031 - myplatform: 144 -   <module>() - INFO - Update
2019-08-24 15:32:40,037 - myplatform: 151 -   <module>() - INFO - Draw
2019-08-24 15:32:40,066 - myplatform: 144 -   <module>() - INFO - Update
2019-08-24 15:32:40,072 - myplatform: 151 -   <module>() - INFO - Draw
2019-08-24 15:32:40,100 - myplatform: 144 -   <module>() - INFO - Update
2019-08-24 15:32:40,107 - myplatform: 151 -   <module>() - INFO - Draw
2019-08-24 15:32:40,133 - myplatform: 144 -   <module>() - INFO - Update
2019-08-24 15:32:40,139 - myplatform: 151 -   <module>() - INFO - Draw
2019-08-24 15:32:40,168 - myplatform: 144 -   <module>() - INFO - Update
2019-08-24 15:32:40,174 - myplatform: 151 -   <module>() - INFO - Draw
2019-08-24 15:32:40,201 - myplatform: 144 -   <module>() - INFO - Update
2019-08-24 15:32:40,207 - myplatform: 151 -   <module>() - INFO - Draw
2019-08-24 15:32:40,236 - myplatform: 144 -   <module>() - INFO - Update
2019-08-24 15:32:40,242 - myplatform: 151 -   <module>() - INFO - Draw
2019-08-24 15:32:40,268 - myplatform: 144 -   <module>() - INFO - Update
2019-08-24 15:32:40,274 - myplatform: 151 -   <module>() - INFO - Draw
2019-08-24 15:32:40,303 - myplatform: 144 -   <module>() - INFO - Update
2019-08-24 15:32:40,309 - myplatform: 151 -   <module>() - INFO - Draw
2019-08-24 15:32:40,338 - myplatform: 144 -   <module>() - INFO - Update
2019-08-24 15:32:40,344 - myplatform: 151 -   <module>() - INFO - Draw
2019-08-24 15:32:40,372 - myplatform: 144 -   <module>() - INFO - Update
2019-08-24 15:32:40,379 - myplatform: 151 -   <module>() - INFO - Draw
2019-08-24 15:32:40,405 - myplatform: 144 -   <module>() - INFO - Update
2019-08-24 15:32:40,409 - myplatform: 151 -   <module>() - INFO - Draw
2019-08-24 15:32:40,440 - myplatform: 144 -   <module>() - INFO - Update
2019-08-24 15:32:40,444 - myplatform: 151 -   <module>() - INFO - Draw
2019-08-24 15:32:40,474 - myplatform: 144 -   <module>() - INFO - Update
2019-08-24 15:32:40,480 - myplatform: 151 -   <module>() - INFO - Draw
2019-08-24 15:32:40,508 - myplatform: 144 -   <module>() - INFO - Update
2019-08-24 15:32:40,514 - myplatform: 151 -   <module>() - INFO - Draw
2019-08-24 15:32:40,543 - myplatform: 144 -   <module>() - INFO - Update
2019-08-24 15:32:40,550 - myplatform: 151 -   <module>() - INFO - Draw
2019-08-24 15:32:40,578 - myplatform: 144 -   <module>() - INFO - Update
2019-08-24 15:32:40,584 - myplatform: 151 -   <module>() - INFO - Draw
2019-08-24 15:32:40,612 - myplatform: 144 -   <module>() - INFO - Update
2019-08-24 15:32:40,619 - myplatform: 151 -   <module>() - INFO - Draw
2019-08-24 15:32:40,646 - myplatform: 144 -   <module>() - INFO - Update
2019-08-24 15:32:40,652 - myplatform: 151 -   <module>() - INFO - Draw
2019-08-24 15:32:40,680 - myplatform: 144 -   <module>() - INFO - Update
2019-08-24 15:32:40,686 - myplatform: 151 -   <module>() - INFO - Draw
2019-08-24 15:32:40,715 - myplatform: 144 -   <module>() - INFO - Update
2019-08-24 15:32:40,722 - myplatform: 151 -   <module>() - INFO - Draw
2019-08-24 15:32:40,750 - myplatform: 144 -   <module>() - INFO - Update
2019-08-24 15:32:40,756 - myplatform: 151 -   <module>() - INFO - Draw
2019-08-24 15:32:40,784 - myplatform: 144 -   <module>() - INFO - Update
2019-08-24 15:32:40,791 - myplatform: 151 -   <module>() - INFO - Draw
2019-08-24 15:32:40,818 - myplatform: 144 -   <module>() - INFO - Update
2019-08-24 15:32:40,824 - myplatform: 151 -   <module>() - INFO - Draw
2019-08-24 15:32:40,852 - myplatform: 144 -   <module>() - INFO - Update
2019-08-24 15:32:40,858 - myplatform: 151 -   <module>() - INFO - Draw
2019-08-24 15:32:40,887 - myplatform: 144 -   <module>() - INFO - Update
2019-08-24 15:32:40,893 - myplatform: 151 -   <module>() - INFO - Draw
2019-08-24 15:32:40,920 - myplatform: 144 -   <module>() - INFO - Update
2019-08-24 15:32:40,926 - myplatform: 151 -   <module>() - INFO - Draw
2019-08-24 15:32:40,955 - myplatform: 144 -   <module>() - INFO - Update
2019-08-24 15:32:40,962 - myplatform: 151 -   <module>() - INFO - Draw
2019-08-24 15:32:40,988 - myplatform: 144 -   <module>() - INFO - Update
2019-08-24 15:32:40,994 - myplatform: 151 -   <module>() - INFO - Draw
2019-08-24 15:32:41,022 - myplatform: 144 -   <module>() - INFO - Update
2019-08-24 15:32:41,027 - myplatform: 151 -   <module>() - INFO - Draw
2019-08-24 15:32:41,058 - myplatform: 144 -   <module>() - INFO - Update
2019-08-24 15:32:41,064 - myplatform: 151 -   <module>() - INFO - Draw
2019-08-24 15:32:41,091 - myplatform: 144 -   <module>() - INFO - Update
2019-08-24 15:32:41,098 - myplatform: 151 -   <module>() - INFO - Draw
2019-08-24 15:32:41,125 - myplatform: 144 -   <module>() - INFO - Update
2019-08-24 15:32:41,132 - myplatform: 151 -   <module>() - INFO - Draw
2019-08-24 15:32:41,160 - myplatform: 144 -   <module>() - INFO - Update
2019-08-24 15:32:41,166 - myplatform: 151 -   <module>() - INFO - Draw
2019-08-24 15:32:41,194 - myplatform: 144 -   <module>() - INFO - Update
2019-08-24 15:32:41,200 - myplatform: 151 -   <module>() - INFO - Draw
2019-08-24 15:32:41,227 - myplatform: 144 -   <module>() - INFO - Update
2019-08-24 15:32:41,234 - myplatform: 151 -   <module>() - INFO - Draw
2019-08-24 15:32:41,261 - myplatform: 144 -   <module>() - INFO - Update
2019-08-24 15:32:41,267 - myplatform: 151 -   <module>() - INFO - Draw
2019-08-24 15:32:41,295 - myplatform: 144 -   <module>() - INFO - Update
2019-08-24 15:32:41,302 - myplatform: 151 -   <module>() - INFO - Draw
2019-08-24 15:32:41,329 - myplatform: 144 -   <module>() - INFO - Update
2019-08-24 15:32:41,335 - myplatform: 151 -   <module>() - INFO - Draw
2019-08-24 15:32:41,363 - myplatform: 144 -   <module>() - INFO - Update
2019-08-24 15:32:41,369 - myplatform: 151 -   <module>() - INFO - Draw
2019-08-24 15:32:41,397 - myplatform: 144 -   <module>() - INFO - Update
2019-08-24 15:32:41,404 - myplatform: 151 -   <module>() - INFO - Draw
2019-08-24 15:32:41,431 - myplatform: 144 -   <module>() - INFO - Update
2019-08-24 15:32:41,438 - myplatform: 151 -   <module>() - INFO - Draw
2019-08-24 15:32:41,464 - myplatform: 144 -   <module>() - INFO - Update
2019-08-24 15:32:41,470 - myplatform: 151 -   <module>() - INFO - Draw
2019-08-24 15:32:41,498 - myplatform: 144 -   <module>() - INFO - Update
2019-08-24 15:32:41,505 - myplatform: 151 -   <module>() - INFO - Draw
2019-08-24 15:32:41,532 - myplatform: 144 -   <module>() - INFO - Update
2019-08-24 15:32:41,539 - myplatform: 151 -   <module>() - INFO - Draw
2019-08-24 15:32:41,566 - myplatform: 144 -   <module>() - INFO - Update
2019-08-24 15:32:41,573 - myplatform: 151 -   <module>() - INFO - Draw
2019-08-24 15:32:41,600 - myplatform: 144 -   <module>() - INFO - Update
2019-08-24 15:32:41,607 - myplatform: 151 -   <module>() - INFO - Draw
2019-08-24 15:32:41,634 - myplatform: 144 -   <module>() - INFO - Update
2019-08-24 15:32:41,638 - myplatform: 151 -   <module>() - INFO - Draw
2019-08-24 15:32:41,668 - myplatform: 144 -   <module>() - INFO - Update
2019-08-24 15:32:41,673 - myplatform: 151 -   <module>() - INFO - Draw
2019-08-24 15:32:41,703 - myplatform: 144 -   <module>() - INFO - Update
2019-08-24 15:32:41,707 - myplatform: 151 -   <module>() - INFO - Draw
2019-08-24 15:32:41,737 - myplatform: 144 -   <module>() - INFO - Update
2019-08-24 15:32:41,741 - myplatform: 151 -   <module>() - INFO - Draw
2019-08-24 15:32:41,770 - myplatform: 144 -   <module>() - INFO - Update
2019-08-24 15:32:41,774 - myplatform: 151 -   <module>() - INFO - Draw
2019-08-24 15:32:41,803 - myplatform: 144 -   <module>() - INFO - Update
2019-08-24 15:32:41,807 - myplatform: 151 -   <module>() - INFO - Draw
2019-08-24 15:32:41,837 - myplatform: 144 -   <module>() - INFO - Update
2019-08-24 15:32:41,841 - myplatform: 151 -   <module>() - INFO - Draw
2019-08-24 15:32:41,871 - myplatform: 144 -   <module>() - INFO - Update
2019-08-24 15:32:41,875 - myplatform: 151 -   <module>() - INFO - Draw
2019-08-24 15:32:41,905 - myplatform: 144 -   <module>() - INFO - Update
2019-08-24 15:32:41,909 - myplatform: 151 -   <module>() - INFO - Draw
2019-08-24 15:32:41,939 - myplatform: 144 -   <module>() - INFO - Update
2019-08-24 15:32:41,943 - myplatform: 151 -   <module>() - INFO - Draw
2019-08-24 15:32:41,973 - myplatform: 144 -   <module>() - INFO - Update
2019-08-24 15:32:41,977 - myplatform: 151 -   <module>() - INFO - Draw
2019-08-24 15:32:42,007 - myplatform: 144 -   <module>() - INFO - Update
2019-08-24 15:32:42,012 - myplatform: 151 -   <module>() - INFO - Draw
2019-08-24 15:32:42,041 - myplatform: 144 -   <module>() - INFO - Update
2019-08-24 15:32:42,046 - myplatform: 151 -   <module>() - INFO - Draw
2019-08-24 15:32:42,076 - myplatform: 144 -   <module>() - INFO - Update
2019-08-24 15:32:42,080 - myplatform: 151 -   <module>() - INFO - Draw
2019-08-24 15:32:42,110 - myplatform: 144 -   <module>() - INFO - Update
2019-08-24 15:32:42,115 - myplatform: 151 -   <module>() - INFO - Draw
2019-08-24 15:32:42,144 - myplatform: 144 -   <module>() - INFO - Update
2019-08-24 15:32:42,148 - myplatform: 151 -   <module>() - INFO - Draw
2019-08-24 15:32:42,178 - myplatform: 144 -   <module>() - INFO - Update
2019-08-24 15:32:42,182 - myplatform: 151 -   <module>() - INFO - Draw
2019-08-24 15:32:42,212 - myplatform: 144 -   <module>() - INFO - Update
2019-08-24 15:32:42,217 - myplatform: 151 -   <module>() - INFO - Draw
2019-08-24 15:32:42,246 - myplatform: 144 -   <module>() - INFO - Update
2019-08-24 15:32:42,250 - myplatform: 151 -   <module>() - INFO - Draw
2019-08-24 15:32:42,280 - myplatform: 144 -   <module>() - INFO - Update
2019-08-24 15:32:42,283 - myplatform: 151 -   <module>() - INFO - Draw
2019-08-24 15:32:42,313 - myplatform: 144 -   <module>() - INFO - Update
2019-08-24 15:32:42,317 - myplatform: 151 -   <module>() - INFO - Draw
2019-08-24 15:32:42,347 - myplatform: 144 -   <module>() - INFO - Update
2019-08-24 15:32:42,351 - myplatform: 151 -   <module>() - INFO - Draw
2019-08-24 15:32:42,381 - myplatform: 144 -   <module>() - INFO - Update
2019-08-24 15:32:42,385 - myplatform: 151 -   <module>() - INFO - Draw
2019-08-24 15:32:42,414 - myplatform: 144 -   <module>() - INFO - Update
2019-08-24 15:32:42,419 - myplatform: 151 -   <module>() - INFO - Draw
2019-08-24 15:32:42,449 - myplatform: 144 -   <module>() - INFO - Update
2019-08-24 15:32:42,453 - myplatform: 151 -   <module>() - INFO - Draw
2019-08-24 15:32:42,482 - myplatform: 144 -   <module>() - INFO - Update
2019-08-24 15:32:42,486 - myplatform: 151 -   <module>() - INFO - Draw
2019-08-24 15:32:42,516 - myplatform: 144 -   <module>() - INFO - Update
2019-08-24 15:32:42,519 - myplatform: 151 -   <module>() - INFO - Draw
2019-08-24 15:32:42,550 - myplatform: 144 -   <module>() - INFO - Update
2019-08-24 15:32:42,552 - myplatform: 151 -   <module>() - INFO - Draw
2019-08-24 15:32:42,584 - myplatform: 144 -   <module>() - INFO - Update
2019-08-24 15:32:42,586 - myplatform: 151 -   <module>() - INFO - Draw
2019-08-24 15:32:42,617 - myplatform: 144 -   <module>() - INFO - Update
2019-08-24 15:32:42,623 - myplatform: 151 -   <module>() - INFO - Draw
2019-08-24 15:32:42,651 - myplatform: 144 -   <module>() - INFO - Update
2019-08-24 15:32:42,656 - myplatform: 151 -   <module>() - INFO - Draw
2019-08-24 15:32:42,685 - myplatform: 144 -   <module>() - INFO - Update
2019-08-24 15:32:42,690 - myplatform: 151 -   <module>() - INFO - Draw
2019-08-24 15:32:42,719 - myplatform: 144 -   <module>() - INFO - Update
2019-08-24 15:32:42,725 - myplatform: 151 -   <module>() - INFO - Draw
2019-08-24 15:32:42,752 - myplatform: 144 -   <module>() - INFO - Update
2019-08-24 15:32:42,755 - myplatform: 151 -   <module>() - INFO - Draw
2019-08-24 15:32:42,786 - myplatform: 144 -   <module>() - INFO - Update
2019-08-24 15:32:42,789 - myplatform: 151 -   <module>() - INFO - Draw
2019-08-24 15:32:42,820 - myplatform: 144 -   <module>() - INFO - Update
2019-08-24 15:32:42,823 - myplatform: 151 -   <module>() - INFO - Draw
2019-08-24 15:32:42,853 - myplatform: 144 -   <module>() - INFO - Update
2019-08-24 15:32:42,856 - myplatform: 151 -   <module>() - INFO - Draw
2019-08-24 15:32:42,888 - myplatform: 144 -   <module>() - INFO - Update
2019-08-24 15:32:42,894 - myplatform: 151 -   <module>() - INFO - Draw
2019-08-24 15:32:42,922 - myplatform: 144 -   <module>() - INFO - Update
2019-08-24 15:32:42,928 - myplatform: 151 -   <module>() - INFO - Draw
2019-08-24 15:32:42,956 - myplatform: 144 -   <module>() - INFO - Update
2019-08-24 15:32:42,963 - myplatform: 151 -   <module>() - INFO - Draw
2019-08-24 15:32:42,989 - myplatform: 144 -   <module>() - INFO - Update
2019-08-24 15:32:42,996 - myplatform: 151 -   <module>() - INFO - Draw
2019-08-24 15:32:43,023 - myplatform: 144 -   <module>() - INFO - Update
2019-08-24 15:32:43,029 - myplatform: 151 -   <module>() - INFO - Draw
2019-08-24 15:32:43,057 - myplatform: 144 -   <module>() - INFO - Update
2019-08-24 15:32:43,064 - myplatform: 151 -   <module>() - INFO - Draw
2019-08-24 15:32:43,090 - myplatform: 144 -   <module>() - INFO - Update
2019-08-24 15:32:43,096 - myplatform: 151 -   <module>() - INFO - Draw
2019-08-24 15:32:43,124 - myplatform: 144 -   <module>() - INFO - Update
2019-08-24 15:32:43,130 - myplatform: 151 -   <module>() - INFO - Draw
2019-08-24 15:32:43,159 - myplatform: 144 -   <module>() - INFO - Update
2019-08-24 15:32:43,165 - myplatform: 151 -   <module>() - INFO - Draw
2019-08-24 15:32:43,193 - myplatform: 144 -   <module>() - INFO - Update
2019-08-24 15:32:43,200 - myplatform: 151 -   <module>() - INFO - Draw
2019-08-24 15:32:43,226 - myplatform: 144 -   <module>() - INFO - Update
2019-08-24 15:32:43,232 - myplatform: 151 -   <module>() - INFO - Draw
2019-08-24 15:32:43,260 - myplatform: 144 -   <module>() - INFO - Update
2019-08-24 15:32:43,266 - myplatform: 151 -   <module>() - INFO - Draw
2019-08-24 15:32:43,294 - myplatform: 144 -   <module>() - INFO - Update
2019-08-24 15:32:43,300 - myplatform: 151 -   <module>() - INFO - Draw
2019-08-24 15:32:43,328 - myplatform: 144 -   <module>() - INFO - Update
2019-08-24 15:32:43,334 - myplatform: 151 -   <module>() - INFO - Draw
2019-08-24 15:32:43,362 - myplatform: 144 -   <module>() - INFO - Update
2019-08-24 15:32:43,368 - myplatform: 151 -   <module>() - INFO - Draw
2019-08-24 15:32:43,397 - myplatform: 144 -   <module>() - INFO - Update
2019-08-24 15:32:43,403 - myplatform: 151 -   <module>() - INFO - Draw
2019-08-24 15:32:43,430 - myplatform: 144 -   <module>() - INFO - Update
2019-08-24 15:32:43,436 - myplatform: 151 -   <module>() - INFO - Draw
2019-08-24 15:32:43,465 - myplatform: 144 -   <module>() - INFO - Update
2019-08-24 15:32:43,471 - myplatform: 151 -   <module>() - INFO - Draw
2019-08-24 15:32:43,500 - myplatform: 144 -   <module>() - INFO - Update
2019-08-24 15:32:43,506 - myplatform: 151 -   <module>() - INFO - Draw
2019-08-24 15:32:43,534 - myplatform: 144 -   <module>() - INFO - Update
2019-08-24 15:32:43,540 - myplatform: 151 -   <module>() - INFO - Draw
2019-08-24 15:32:43,568 - myplatform: 144 -   <module>() - INFO - Update
2019-08-24 15:32:43,575 - myplatform: 151 -   <module>() - INFO - Draw
2019-08-24 15:32:43,603 - myplatform: 144 -   <module>() - INFO - Update
2019-08-24 15:32:43,609 - myplatform: 151 -   <module>() - INFO - Draw
2019-08-24 15:32:43,637 - myplatform: 144 -   <module>() - INFO - Update
2019-08-24 15:32:43,644 - myplatform: 151 -   <module>() - INFO - Draw
2019-08-24 15:32:43,671 - myplatform: 144 -   <module>() - INFO - Update
2019-08-24 15:32:43,677 - myplatform: 151 -   <module>() - INFO - Draw
2019-08-24 15:32:43,705 - myplatform: 144 -   <module>() - INFO - Update
2019-08-24 15:32:43,712 - myplatform: 151 -   <module>() - INFO - Draw
2019-08-24 15:32:43,739 - myplatform: 144 -   <module>() - INFO - Update
2019-08-24 15:32:43,745 - myplatform: 151 -   <module>() - INFO - Draw
2019-08-24 15:32:43,772 - myplatform: 144 -   <module>() - INFO - Update
2019-08-24 15:32:43,779 - myplatform: 151 -   <module>() - INFO - Draw
2019-08-24 15:32:43,805 - myplatform: 144 -   <module>() - INFO - Update
2019-08-24 15:32:43,811 - myplatform: 151 -   <module>() - INFO - Draw
2019-08-24 15:32:43,840 - myplatform: 144 -   <module>() - INFO - Update
2019-08-24 15:32:43,846 - myplatform: 151 -   <module>() - INFO - Draw
2019-08-24 15:32:43,875 - myplatform: 144 -   <module>() - INFO - Update
2019-08-24 15:32:43,882 - myplatform: 151 -   <module>() - INFO - Draw
2019-08-24 15:32:43,909 - myplatform: 144 -   <module>() - INFO - Update
2019-08-24 15:32:43,915 - myplatform: 151 -   <module>() - INFO - Draw
2019-08-24 15:32:43,942 - myplatform: 144 -   <module>() - INFO - Update
2019-08-24 15:32:43,949 - myplatform: 151 -   <module>() - INFO - Draw
2019-08-24 15:32:43,976 - myplatform: 144 -   <module>() - INFO - Update
2019-08-24 15:32:43,982 - myplatform: 151 -   <module>() - INFO - Draw
2019-08-24 15:32:44,009 - myplatform: 144 -   <module>() - INFO - Update
2019-08-24 15:32:44,015 - myplatform: 151 -   <module>() - INFO - Draw
2019-08-24 15:32:44,042 - myplatform: 144 -   <module>() - INFO - Update
2019-08-24 15:32:44,048 - myplatform: 151 -   <module>() - INFO - Draw
2019-08-24 15:32:44,076 - myplatform: 144 -   <module>() - INFO - Update
2019-08-24 15:32:44,082 - myplatform: 151 -   <module>() - INFO - Draw
2019-08-24 15:32:44,109 - myplatform: 144 -   <module>() - INFO - Update
2019-08-24 15:32:44,115 - myplatform: 151 -   <module>() - INFO - Draw
2019-08-24 15:32:44,143 - myplatform: 144 -   <module>() - INFO - Update
2019-08-24 15:32:44,149 - myplatform: 151 -   <module>() - INFO - Draw
2019-08-24 15:32:44,176 - myplatform: 144 -   <module>() - INFO - Update
2019-08-24 15:32:44,183 - myplatform: 151 -   <module>() - INFO - Draw
2019-08-24 15:32:44,209 - myplatform: 144 -   <module>() - INFO - Update
2019-08-24 15:32:44,215 - myplatform: 151 -   <module>() - INFO - Draw
2019-08-24 15:32:44,243 - myplatform: 144 -   <module>() - INFO - Update
2019-08-24 15:32:44,249 - myplatform: 151 -   <module>() - INFO - Draw
2019-08-24 15:32:44,277 - myplatform: 144 -   <module>() - INFO - Update
2019-08-24 15:32:44,283 - myplatform: 151 -   <module>() - INFO - Draw
2019-08-24 15:32:44,312 - myplatform: 144 -   <module>() - INFO - Update
2019-08-24 15:32:44,319 - myplatform: 151 -   <module>() - INFO - Draw
2019-08-24 15:32:44,346 - myplatform: 144 -   <module>() - INFO - Update
2019-08-24 15:32:44,352 - myplatform: 151 -   <module>() - INFO - Draw
2019-08-24 15:32:44,380 - myplatform: 144 -   <module>() - INFO - Update
2019-08-24 15:32:44,386 - myplatform: 151 -   <module>() - INFO - Draw
2019-08-24 15:32:44,414 - myplatform: 144 -   <module>() - INFO - Update
2019-08-24 15:32:44,421 - myplatform: 151 -   <module>() - INFO - Draw
2019-08-24 15:32:44,448 - myplatform: 144 -   <module>() - INFO - Update
2019-08-24 15:32:44,454 - myplatform: 151 -   <module>() - INFO - Draw
2019-08-24 15:32:44,483 - myplatform: 144 -   <module>() - INFO - Update
2019-08-24 15:32:44,490 - myplatform: 151 -   <module>() - INFO - Draw
2019-08-24 15:32:44,517 - myplatform: 144 -   <module>() - INFO - Update
2019-08-24 15:32:44,524 - myplatform: 151 -   <module>() - INFO - Draw
2019-08-24 15:32:44,551 -   scene.py: 199 -  timer_pop() - INFO - Timer pop
2019-08-24 15:32:44,552 -   scene.py: 201 -  timer_pop() - INFO - Redraw lock
2019-08-24 15:32:44,553 - character.: 136 -        die() - INFO - Dead
2019-08-24 15:32:44,553 - myplatform: 144 -   <module>() - INFO - Update
2019-08-24 15:32:44,559 - myplatform: 151 -   <module>() - INFO - Draw
2019-08-24 15:32:44,585 - myplatform: 118 -   <module>() - INFO - Player dead event received
2019-08-24 15:32:47,796 - myplatform: 144 -   <module>() - INFO - Update
2019-08-24 15:32:47,800 - myplatform: 151 -   <module>() - INFO - Draw
2019-08-24 15:32:47,801 - myplatform: 144 -   <module>() - INFO - Update
2019-08-24 15:32:47,805 - myplatform: 151 -   <module>() - INFO - Draw
2019-08-24 15:32:47,834 - myplatform: 144 -   <module>() - INFO - Update
2019-08-24 15:32:47,840 - myplatform: 151 -   <module>() - INFO - Draw
2019-08-24 15:32:47,869 - myplatform: 144 -   <module>() - INFO - Update
2019-08-24 15:32:47,876 - myplatform: 151 -   <module>() - INFO - Draw
2019-08-24 15:32:47,902 - myplatform: 144 -   <module>() - INFO - Update
2019-08-24 15:32:47,909 - myplatform: 151 -   <module>() - INFO - Draw
2019-08-24 15:32:47,936 - myplatform: 144 -   <module>() - INFO - Update
2019-08-24 15:32:47,942 - myplatform: 151 -   <module>() - INFO - Draw
2019-08-24 15:32:47,970 - myplatform: 144 -   <module>() - INFO - Update
2019-08-24 15:32:47,977 - myplatform: 151 -   <module>() - INFO - Draw
2019-08-24 15:32:48,003 - myplatform: 144 -   <module>() - INFO - Update
2019-08-24 15:32:48,010 - myplatform: 151 -   <module>() - INFO - Draw
2019-08-24 15:32:48,036 - myplatform: 144 -   <module>() - INFO - Update
2019-08-24 15:32:48,042 - myplatform: 151 -   <module>() - INFO - Draw
2019-08-24 15:32:48,069 - myplatform: 144 -   <module>() - INFO - Update
2019-08-24 15:32:48,073 - myplatform: 151 -   <module>() - INFO - Draw
2019-08-24 15:32:48,104 - myplatform: 144 -   <module>() - INFO - Update
2019-08-24 15:32:48,109 - myplatform: 151 -   <module>() - INFO - Draw
2019-08-24 15:32:48,136 - myplatform: 144 -   <module>() - INFO - Update
2019-08-24 15:32:48,142 - myplatform: 151 -   <module>() - INFO - Draw
2019-08-24 15:32:48,170 - myplatform: 144 -   <module>() - INFO - Update
2019-08-24 15:32:48,177 - myplatform: 151 -   <module>() - INFO - Draw
2019-08-24 15:32:48,204 - myplatform: 144 -   <module>() - INFO - Update
2019-08-24 15:32:48,210 - myplatform: 151 -   <module>() - INFO - Draw
2019-08-24 15:32:48,238 - myplatform: 144 -   <module>() - INFO - Update
2019-08-24 15:32:48,238 - character.:  94 - check_for_() - INFO - Jump
2019-08-24 15:32:48,246 - myplatform: 151 -   <module>() - INFO - Draw
2019-08-24 15:32:48,270 - myplatform: 144 -   <module>() - INFO - Update
2019-08-24 15:32:48,277 - myplatform: 151 -   <module>() - INFO - Draw
2019-08-24 15:32:48,304 - myplatform: 144 -   <module>() - INFO - Update
2019-08-24 15:32:48,311 - myplatform: 151 -   <module>() - INFO - Draw
2019-08-24 15:32:48,338 - myplatform: 144 -   <module>() - INFO - Update
2019-08-24 15:32:48,345 - myplatform: 151 -   <module>() - INFO - Draw
2019-08-24 15:32:48,373 - myplatform: 144 -   <module>() - INFO - Update
2019-08-24 15:32:48,380 - myplatform: 151 -   <module>() - INFO - Draw
2019-08-24 15:32:48,406 - myplatform: 144 -   <module>() - INFO - Update
2019-08-24 15:32:48,412 - myplatform: 151 -   <module>() - INFO - Draw
2019-08-24 15:32:48,440 - myplatform: 144 -   <module>() - INFO - Update
2019-08-24 15:32:48,447 - myplatform: 151 -   <module>() - INFO - Draw
2019-08-24 15:32:48,474 - myplatform: 144 -   <module>() - INFO - Update
2019-08-24 15:32:48,481 - myplatform: 151 -   <module>() - INFO - Draw
2019-08-24 15:32:48,507 - myplatform: 144 -   <module>() - INFO - Update
2019-08-24 15:32:48,514 - myplatform: 151 -   <module>() - INFO - Draw
2019-08-24 15:32:48,540 - myplatform: 144 -   <module>() - INFO - Update
2019-08-24 15:32:48,546 - myplatform: 151 -   <module>() - INFO - Draw
2019-08-24 15:32:48,575 - myplatform: 144 -   <module>() - INFO - Update
2019-08-24 15:32:48,581 - myplatform: 151 -   <module>() - INFO - Draw
2019-08-24 15:32:48,608 - myplatform: 144 -   <module>() - INFO - Update
2019-08-24 15:32:48,614 - myplatform: 151 -   <module>() - INFO - Draw
2019-08-24 15:32:48,643 - myplatform: 144 -   <module>() - INFO - Update
2019-08-24 15:32:48,649 - myplatform: 151 -   <module>() - INFO - Draw
2019-08-24 15:32:48,677 - myplatform: 144 -   <module>() - INFO - Update
2019-08-24 15:32:48,684 - myplatform: 151 -   <module>() - INFO - Draw
2019-08-24 15:32:48,711 - myplatform: 144 -   <module>() - INFO - Update
2019-08-24 15:32:48,718 - myplatform: 151 -   <module>() - INFO - Draw
2019-08-24 15:32:48,745 - myplatform: 144 -   <module>() - INFO - Update
2019-08-24 15:32:48,752 - myplatform: 151 -   <module>() - INFO - Draw
2019-08-24 15:32:48,779 - myplatform: 144 -   <module>() - INFO - Update
2019-08-24 15:32:48,787 - myplatform: 151 -   <module>() - INFO - Draw
2019-08-24 15:32:48,813 - myplatform: 144 -   <module>() - INFO - Update
2019-08-24 15:32:48,820 - myplatform: 151 -   <module>() - INFO - Draw
2019-08-24 15:32:48,847 - myplatform: 144 -   <module>() - INFO - Update
2019-08-24 15:32:48,853 - myplatform: 151 -   <module>() - INFO - Draw
2019-08-24 15:32:48,881 - myplatform: 144 -   <module>() - INFO - Update
2019-08-24 15:32:48,888 - myplatform: 151 -   <module>() - INFO - Draw
2019-08-24 15:32:48,915 - myplatform: 144 -   <module>() - INFO - Update
2019-08-24 15:32:48,922 - myplatform: 151 -   <module>() - INFO - Draw
2019-08-24 15:32:48,949 - myplatform: 144 -   <module>() - INFO - Update
2019-08-24 15:32:48,950 - character.: 129 - act_on_col() - INFO - Hit button.  y_speed = 10
2019-08-24 15:32:48,957 - myplatform: 151 -   <module>() - INFO - Draw
2019-08-24 15:32:48,982 - myplatform: 144 -   <module>() - INFO - Update
2019-08-24 15:32:48,989 - myplatform: 151 -   <module>() - INFO - Draw
2019-08-24 15:32:49,016 - myplatform: 144 -   <module>() - INFO - Update
2019-08-24 15:32:49,022 - myplatform: 151 -   <module>() - INFO - Draw
2019-08-24 15:32:49,049 - myplatform: 144 -   <module>() - INFO - Update
2019-08-24 15:32:49,055 - myplatform: 151 -   <module>() - INFO - Draw
2019-08-24 15:32:49,083 - myplatform: 144 -   <module>() - INFO - Update
2019-08-24 15:32:49,090 - myplatform: 151 -   <module>() - INFO - Draw
2019-08-24 15:32:49,117 - myplatform: 144 -   <module>() - INFO - Update
2019-08-24 15:32:49,124 - myplatform: 151 -   <module>() - INFO - Draw
2019-08-24 15:32:49,152 - myplatform: 144 -   <module>() - INFO - Update
2019-08-24 15:32:49,158 - myplatform: 151 -   <module>() - INFO - Draw
2019-08-24 15:32:49,185 - myplatform: 144 -   <module>() - INFO - Update
2019-08-24 15:32:49,193 - myplatform: 151 -   <module>() - INFO - Draw
2019-08-24 15:32:49,219 - myplatform: 144 -   <module>() - INFO - Update
2019-08-24 15:32:49,226 - myplatform: 151 -   <module>() - INFO - Draw
2019-08-24 15:32:49,254 - myplatform: 144 -   <module>() - INFO - Update
2019-08-24 15:32:49,261 - myplatform: 151 -   <module>() - INFO - Draw
2019-08-24 15:32:49,288 - myplatform: 144 -   <module>() - INFO - Update
2019-08-24 15:32:49,293 - myplatform: 151 -   <module>() - INFO - Draw
2019-08-24 15:32:49,320 - myplatform: 144 -   <module>() - INFO - Update
2019-08-24 15:32:49,327 - myplatform: 151 -   <module>() - INFO - Draw
2019-08-24 15:32:49,354 - myplatform: 144 -   <module>() - INFO - Update
2019-08-24 15:32:49,361 - myplatform: 151 -   <module>() - INFO - Draw
2019-08-24 15:32:49,387 - myplatform: 144 -   <module>() - INFO - Update
2019-08-24 15:32:49,394 - myplatform: 151 -   <module>() - INFO - Draw
2019-08-24 15:32:49,421 - myplatform: 144 -   <module>() - INFO - Update
2019-08-24 15:32:49,427 - myplatform: 151 -   <module>() - INFO - Draw
2019-08-24 15:32:49,455 - myplatform: 144 -   <module>() - INFO - Update
2019-08-24 15:32:49,461 - myplatform: 151 -   <module>() - INFO - Draw
2019-08-24 15:32:49,488 - myplatform: 144 -   <module>() - INFO - Update
2019-08-24 15:32:49,495 - myplatform: 151 -   <module>() - INFO - Draw
2019-08-24 15:32:49,521 - myplatform: 144 -   <module>() - INFO - Update
2019-08-24 15:32:49,528 - myplatform: 151 -   <module>() - INFO - Draw
2019-08-24 15:32:49,555 - myplatform: 144 -   <module>() - INFO - Update
2019-08-24 15:32:49,562 - myplatform: 151 -   <module>() - INFO - Draw
2019-08-24 15:32:49,590 - myplatform: 144 -   <module>() - INFO - Update
2019-08-24 15:32:49,596 - myplatform: 151 -   <module>() - INFO - Draw
2019-08-24 15:32:49,624 - myplatform: 144 -   <module>() - INFO - Update
2019-08-24 15:32:49,631 - myplatform: 151 -   <module>() - INFO - Draw
2019-08-24 15:32:49,659 - myplatform: 144 -   <module>() - INFO - Update
2019-08-24 15:32:49,666 - myplatform: 151 -   <module>() - INFO - Draw
2019-08-24 15:32:49,693 - myplatform: 144 -   <module>() - INFO - Update
2019-08-24 15:32:49,699 - myplatform: 151 -   <module>() - INFO - Draw
2019-08-24 15:32:49,728 - myplatform: 144 -   <module>() - INFO - Update
2019-08-24 15:32:49,733 - myplatform: 151 -   <module>() - INFO - Draw
2019-08-24 15:32:49,762 - myplatform: 144 -   <module>() - INFO - Update
2019-08-24 15:32:49,768 - myplatform: 151 -   <module>() - INFO - Draw
2019-08-24 15:32:49,795 - myplatform: 144 -   <module>() - INFO - Update
2019-08-24 15:32:49,801 - myplatform: 151 -   <module>() - INFO - Draw
2019-08-24 15:32:49,828 - myplatform: 144 -   <module>() - INFO - Update
2019-08-24 15:32:49,834 - myplatform: 151 -   <module>() - INFO - Draw
2019-08-24 15:32:49,863 - myplatform: 144 -   <module>() - INFO - Update
2019-08-24 15:32:49,869 - myplatform: 151 -   <module>() - INFO - Draw
2019-08-24 15:32:49,897 - myplatform: 144 -   <module>() - INFO - Update
2019-08-24 15:32:49,904 - myplatform: 151 -   <module>() - INFO - Draw
2019-08-24 15:32:49,931 - myplatform: 144 -   <module>() - INFO - Update
2019-08-24 15:32:49,938 - myplatform: 151 -   <module>() - INFO - Draw
2019-08-24 15:32:49,965 - myplatform: 144 -   <module>() - INFO - Update
2019-08-24 15:32:49,972 - myplatform: 151 -   <module>() - INFO - Draw
2019-08-24 15:32:50,000 - myplatform: 144 -   <module>() - INFO - Update
2019-08-24 15:32:50,007 - myplatform: 151 -   <module>() - INFO - Draw
2019-08-24 15:32:50,032 - myplatform: 144 -   <module>() - INFO - Update
2019-08-24 15:32:50,036 - myplatform: 151 -   <module>() - INFO - Draw
2019-08-24 15:32:50,066 - myplatform: 144 -   <module>() - INFO - Update
2019-08-24 15:32:50,070 - myplatform: 151 -   <module>() - INFO - Draw
2019-08-24 15:32:50,101 - myplatform: 144 -   <module>() - INFO - Update
2019-08-24 15:32:50,108 - myplatform: 151 -   <module>() - INFO - Draw
2019-08-24 15:32:50,134 - myplatform: 144 -   <module>() - INFO - Update
2019-08-24 15:32:50,138 - myplatform: 151 -   <module>() - INFO - Draw
2019-08-24 15:32:50,168 - myplatform: 144 -   <module>() - INFO - Update
2019-08-24 15:32:50,174 - myplatform: 151 -   <module>() - INFO - Draw
2019-08-24 15:32:50,202 - myplatform: 144 -   <module>() - INFO - Update
2019-08-24 15:32:50,208 - myplatform: 151 -   <module>() - INFO - Draw
2019-08-24 15:32:50,236 - myplatform: 144 -   <module>() - INFO - Update
2019-08-24 15:32:50,243 - myplatform: 151 -   <module>() - INFO - Draw
2019-08-24 15:32:50,270 - myplatform: 144 -   <module>() - INFO - Update
2019-08-24 15:32:50,276 - myplatform: 151 -   <module>() - INFO - Draw
2019-08-24 15:32:50,305 - myplatform: 144 -   <module>() - INFO - Update
2019-08-24 15:32:50,311 - myplatform: 151 -   <module>() - INFO - Draw
2019-08-24 15:32:50,339 - myplatform: 144 -   <module>() - INFO - Update
2019-08-24 15:32:50,345 - myplatform: 151 -   <module>() - INFO - Draw
2019-08-24 15:32:50,373 - myplatform: 144 -   <module>() - INFO - Update
2019-08-24 15:32:50,379 - myplatform: 151 -   <module>() - INFO - Draw
2019-08-24 15:32:50,408 - myplatform: 144 -   <module>() - INFO - Update
2019-08-24 15:32:50,415 - myplatform: 151 -   <module>() - INFO - Draw
2019-08-24 15:32:50,442 - myplatform: 144 -   <module>() - INFO - Update
2019-08-24 15:32:50,448 - myplatform: 151 -   <module>() - INFO - Draw
2019-08-24 15:32:50,476 - myplatform: 144 -   <module>() - INFO - Update
2019-08-24 15:32:50,481 - myplatform: 151 -   <module>() - INFO - Draw
2019-08-24 15:32:50,509 - myplatform: 144 -   <module>() - INFO - Update
2019-08-24 15:32:50,515 - myplatform: 151 -   <module>() - INFO - Draw
2019-08-24 15:32:50,544 - myplatform: 144 -   <module>() - INFO - Update
2019-08-24 15:32:50,550 - myplatform: 151 -   <module>() - INFO - Draw
2019-08-24 15:32:50,578 - myplatform: 144 -   <module>() - INFO - Update
2019-08-24 15:32:50,584 - myplatform: 151 -   <module>() - INFO - Draw
2019-08-24 15:32:50,613 - myplatform: 144 -   <module>() - INFO - Update
2019-08-24 15:32:50,619 - myplatform: 151 -   <module>() - INFO - Draw
2019-08-24 15:32:50,647 - myplatform: 144 -   <module>() - INFO - Update
2019-08-24 15:32:50,653 - myplatform: 151 -   <module>() - INFO - Draw
2019-08-24 15:32:50,681 - myplatform: 144 -   <module>() - INFO - Update
2019-08-24 15:32:50,687 - myplatform: 151 -   <module>() - INFO - Draw
2019-08-24 15:32:50,715 - myplatform: 144 -   <module>() - INFO - Update
2019-08-24 15:32:50,722 - myplatform: 151 -   <module>() - INFO - Draw
2019-08-24 15:32:50,749 - myplatform: 144 -   <module>() - INFO - Update
2019-08-24 15:32:50,755 - myplatform: 151 -   <module>() - INFO - Draw
2019-08-24 15:32:50,784 - myplatform: 144 -   <module>() - INFO - Update
2019-08-24 15:32:50,791 - myplatform: 151 -   <module>() - INFO - Draw
2019-08-24 15:32:50,818 - myplatform: 144 -   <module>() - INFO - Update
2019-08-24 15:32:50,825 - myplatform: 151 -   <module>() - INFO - Draw
2019-08-24 15:32:50,853 - myplatform: 144 -   <module>() - INFO - Update
2019-08-24 15:32:50,859 - myplatform: 151 -   <module>() - INFO - Draw
2019-08-24 15:32:50,887 - myplatform: 144 -   <module>() - INFO - Update
2019-08-24 15:32:50,893 - myplatform: 151 -   <module>() - INFO - Draw
2019-08-24 15:32:50,921 - myplatform: 144 -   <module>() - INFO - Update
2019-08-24 15:32:50,927 - myplatform: 151 -   <module>() - INFO - Draw
2019-08-24 15:32:50,955 - myplatform: 144 -   <module>() - INFO - Update
2019-08-24 15:32:50,961 - myplatform: 151 -   <module>() - INFO - Draw
2019-08-24 15:32:50,989 - myplatform: 144 -   <module>() - INFO - Update
2019-08-24 15:32:50,995 - myplatform: 151 -   <module>() - INFO - Draw
2019-08-24 15:32:51,023 - myplatform: 144 -   <module>() - INFO - Update
2019-08-24 15:32:51,029 - myplatform: 151 -   <module>() - INFO - Draw
2019-08-24 15:32:51,057 - myplatform: 144 -   <module>() - INFO - Update
2019-08-24 15:32:51,063 - myplatform: 151 -   <module>() - INFO - Draw
2019-08-24 15:32:51,090 - myplatform: 144 -   <module>() - INFO - Update
2019-08-24 15:32:51,096 - myplatform: 151 -   <module>() - INFO - Draw
2019-08-24 15:32:51,125 - myplatform: 144 -   <module>() - INFO - Update
2019-08-24 15:32:51,131 - myplatform: 151 -   <module>() - INFO - Draw
2019-08-24 15:32:51,159 - myplatform: 144 -   <module>() - INFO - Update
2019-08-24 15:32:51,166 - myplatform: 151 -   <module>() - INFO - Draw
2019-08-24 15:32:51,194 - myplatform: 144 -   <module>() - INFO - Update
2019-08-24 15:32:51,200 - myplatform: 151 -   <module>() - INFO - Draw
2019-08-24 15:32:51,227 - myplatform: 144 -   <module>() - INFO - Update
2019-08-24 15:32:51,234 - myplatform: 151 -   <module>() - INFO - Draw
2019-08-24 15:32:51,262 - myplatform: 144 -   <module>() - INFO - Update
2019-08-24 15:32:51,268 - myplatform: 151 -   <module>() - INFO - Draw
2019-08-24 15:32:51,296 - myplatform: 144 -   <module>() - INFO - Update
2019-08-24 15:32:51,302 - myplatform: 151 -   <module>() - INFO - Draw
2019-08-24 15:32:51,331 - myplatform: 144 -   <module>() - INFO - Update
2019-08-24 15:32:51,337 - myplatform: 151 -   <module>() - INFO - Draw
2019-08-24 15:32:51,366 - myplatform: 144 -   <module>() - INFO - Update
2019-08-24 15:32:51,372 - myplatform: 151 -   <module>() - INFO - Draw
2019-08-24 15:32:51,399 - myplatform: 144 -   <module>() - INFO - Update
2019-08-24 15:32:51,405 - myplatform: 151 -   <module>() - INFO - Draw
2019-08-24 15:32:51,433 - myplatform: 144 -   <module>() - INFO - Update
2019-08-24 15:32:51,439 - myplatform: 151 -   <module>() - INFO - Draw
2019-08-24 15:32:51,466 - myplatform: 144 -   <module>() - INFO - Update
2019-08-24 15:32:51,473 - myplatform: 151 -   <module>() - INFO - Draw
2019-08-24 15:32:51,500 - myplatform: 144 -   <module>() - INFO - Update
2019-08-24 15:32:51,506 - myplatform: 151 -   <module>() - INFO - Draw
2019-08-24 15:32:51,533 - myplatform: 144 -   <module>() - INFO - Update
2019-08-24 15:32:51,539 - myplatform: 151 -   <module>() - INFO - Draw
2019-08-24 15:32:51,567 - myplatform: 144 -   <module>() - INFO - Update
2019-08-24 15:32:51,573 - myplatform: 151 -   <module>() - INFO - Draw
2019-08-24 15:32:51,600 - myplatform: 144 -   <module>() - INFO - Update
2019-08-24 15:32:51,606 - myplatform: 151 -   <module>() - INFO - Draw
2019-08-24 15:32:51,635 - myplatform: 144 -   <module>() - INFO - Update
2019-08-24 15:32:51,641 - myplatform: 151 -   <module>() - INFO - Draw
2019-08-24 15:32:51,669 - myplatform: 144 -   <module>() - INFO - Update
2019-08-24 15:32:51,676 - myplatform: 151 -   <module>() - INFO - Draw
2019-08-24 15:32:51,704 - myplatform: 144 -   <module>() - INFO - Update
2019-08-24 15:32:51,711 - myplatform: 151 -   <module>() - INFO - Draw
2019-08-24 15:32:51,738 - myplatform: 144 -   <module>() - INFO - Update
2019-08-24 15:32:51,744 - myplatform: 151 -   <module>() - INFO - Draw
2019-08-24 15:32:51,772 - myplatform: 144 -   <module>() - INFO - Update
2019-08-24 15:32:51,778 - myplatform: 151 -   <module>() - INFO - Draw
2019-08-24 15:32:51,806 - myplatform: 144 -   <module>() - INFO - Update
2019-08-24 15:32:51,812 - myplatform: 151 -   <module>() - INFO - Draw
2019-08-24 15:32:51,841 - myplatform: 144 -   <module>() - INFO - Update
2019-08-24 15:32:51,848 - myplatform: 151 -   <module>() - INFO - Draw
2019-08-24 15:32:51,875 - myplatform: 144 -   <module>() - INFO - Update
2019-08-24 15:32:51,881 - myplatform: 151 -   <module>() - INFO - Draw
2019-08-24 15:32:51,908 - myplatform: 144 -   <module>() - INFO - Update
2019-08-24 15:32:51,914 - myplatform: 151 -   <module>() - INFO - Draw
2019-08-24 15:32:51,942 - myplatform: 144 -   <module>() - INFO - Update
2019-08-24 15:32:51,949 - myplatform: 151 -   <module>() - INFO - Draw
2019-08-24 15:32:51,976 - myplatform: 144 -   <module>() - INFO - Update
2019-08-24 15:32:51,981 - myplatform: 151 -   <module>() - INFO - Draw
2019-08-24 15:32:52,009 - myplatform: 144 -   <module>() - INFO - Update
2019-08-24 15:32:52,015 - myplatform: 151 -   <module>() - INFO - Draw
2019-08-24 15:32:52,044 - myplatform: 144 -   <module>() - INFO - Update
2019-08-24 15:32:52,049 - myplatform: 151 -   <module>() - INFO - Draw
2019-08-24 15:32:52,078 - myplatform: 144 -   <module>() - INFO - Update
2019-08-24 15:32:52,083 - myplatform: 151 -   <module>() - INFO - Draw
2019-08-24 15:32:52,113 - myplatform: 144 -   <module>() - INFO - Update
2019-08-24 15:32:52,119 - myplatform: 151 -   <module>() - INFO - Draw
2019-08-24 15:32:52,148 - myplatform: 144 -   <module>() - INFO - Update
2019-08-24 15:32:52,154 - myplatform: 151 -   <module>() - INFO - Draw
2019-08-24 15:32:52,183 - myplatform: 144 -   <module>() - INFO - Update
2019-08-24 15:32:52,189 - myplatform: 151 -   <module>() - INFO - Draw
2019-08-24 15:32:52,216 - myplatform: 144 -   <module>() - INFO - Update
2019-08-24 15:32:52,223 - myplatform: 151 -   <module>() - INFO - Draw
2019-08-24 15:32:52,249 - myplatform: 144 -   <module>() - INFO - Update
2019-08-24 15:32:52,255 - myplatform: 151 -   <module>() - INFO - Draw
2019-08-24 15:32:52,284 - myplatform: 144 -   <module>() - INFO - Update
2019-08-24 15:32:52,290 - myplatform: 151 -   <module>() - INFO - Draw
2019-08-24 15:32:52,318 - myplatform: 144 -   <module>() - INFO - Update
2019-08-24 15:32:52,324 - myplatform: 151 -   <module>() - INFO - Draw
2019-08-24 15:32:52,352 - myplatform: 144 -   <module>() - INFO - Update
2019-08-24 15:32:52,358 - myplatform: 151 -   <module>() - INFO - Draw
2019-08-24 15:32:52,386 - myplatform: 144 -   <module>() - INFO - Update
2019-08-24 15:32:52,393 - myplatform: 151 -   <module>() - INFO - Draw
2019-08-24 15:32:52,420 - myplatform: 144 -   <module>() - INFO - Update
2019-08-24 15:32:52,426 - myplatform: 151 -   <module>() - INFO - Draw
2019-08-24 15:32:52,455 - myplatform: 144 -   <module>() - INFO - Update
2019-08-24 15:32:52,461 - myplatform: 151 -   <module>() - INFO - Draw
2019-08-24 15:32:52,488 - myplatform: 144 -   <module>() - INFO - Update
2019-08-24 15:32:52,495 - myplatform: 151 -   <module>() - INFO - Draw
2019-08-24 15:32:52,521 - myplatform: 144 -   <module>() - INFO - Update
2019-08-24 15:32:52,528 - myplatform: 151 -   <module>() - INFO - Draw
2019-08-24 15:32:52,555 - myplatform: 144 -   <module>() - INFO - Update
2019-08-24 15:32:52,561 - myplatform: 151 -   <module>() - INFO - Draw
2019-08-24 15:32:52,589 - myplatform: 144 -   <module>() - INFO - Update
2019-08-24 15:32:52,596 - myplatform: 151 -   <module>() - INFO - Draw
2019-08-24 15:32:52,623 - myplatform: 144 -   <module>() - INFO - Update
2019-08-24 15:32:52,627 - myplatform: 151 -   <module>() - INFO - Draw
2019-08-24 15:32:52,656 - myplatform: 144 -   <module>() - INFO - Update
2019-08-24 15:32:52,660 - myplatform: 151 -   <module>() - INFO - Draw
2019-08-24 15:32:52,690 - myplatform: 144 -   <module>() - INFO - Update
2019-08-24 15:32:52,694 - myplatform: 151 -   <module>() - INFO - Draw
2019-08-24 15:32:52,722 - myplatform: 144 -   <module>() - INFO - Update
2019-08-24 15:32:52,728 - myplatform: 151 -   <module>() - INFO - Draw
2019-08-24 15:32:52,756 - myplatform: 144 -   <module>() - INFO - Update
2019-08-24 15:32:52,762 - myplatform: 151 -   <module>() - INFO - Draw
2019-08-24 15:32:52,791 - myplatform: 144 -   <module>() - INFO - Update
2019-08-24 15:32:52,795 - myplatform: 151 -   <module>() - INFO - Draw
2019-08-24 15:32:52,825 - myplatform: 144 -   <module>() - INFO - Update
2019-08-24 15:32:52,831 - myplatform: 151 -   <module>() - INFO - Draw
2019-08-24 15:32:52,859 - myplatform: 144 -   <module>() - INFO - Update
2019-08-24 15:32:52,865 - myplatform: 151 -   <module>() - INFO - Draw
2019-08-24 15:32:52,893 - myplatform: 144 -   <module>() - INFO - Update
2019-08-24 15:32:52,899 - myplatform: 151 -   <module>() - INFO - Draw
2019-08-24 15:32:52,927 - myplatform: 144 -   <module>() - INFO - Update
2019-08-24 15:32:52,934 - myplatform: 151 -   <module>() - INFO - Draw
2019-08-24 15:32:52,961 - myplatform: 144 -   <module>() - INFO - Update
2019-08-24 15:32:52,968 - myplatform: 151 -   <module>() - INFO - Draw
2019-08-24 15:32:52,995 - myplatform: 144 -   <module>() - INFO - Update
2019-08-24 15:32:53,001 - myplatform: 151 -   <module>() - INFO - Draw
2019-08-24 15:32:53,029 - myplatform: 144 -   <module>() - INFO - Update
2019-08-24 15:32:53,035 - myplatform: 151 -   <module>() - INFO - Draw
2019-08-24 15:32:53,063 - myplatform: 144 -   <module>() - INFO - Update
2019-08-24 15:32:53,069 - myplatform: 151 -   <module>() - INFO - Draw
2019-08-24 15:32:53,097 - myplatform: 144 -   <module>() - INFO - Update
2019-08-24 15:32:53,103 - myplatform: 151 -   <module>() - INFO - Draw
2019-08-24 15:32:53,131 - myplatform: 144 -   <module>() - INFO - Update
2019-08-24 15:32:53,137 - myplatform: 151 -   <module>() - INFO - Draw
2019-08-24 15:32:53,165 - myplatform: 144 -   <module>() - INFO - Update
2019-08-24 15:32:53,172 - myplatform: 151 -   <module>() - INFO - Draw
2019-08-24 15:32:53,199 - myplatform: 144 -   <module>() - INFO - Update
2019-08-24 15:32:53,205 - myplatform: 151 -   <module>() - INFO - Draw
2019-08-24 15:32:53,234 - myplatform: 144 -   <module>() - INFO - Update
2019-08-24 15:32:53,241 - myplatform: 151 -   <module>() - INFO - Draw
2019-08-24 15:32:53,267 - myplatform: 144 -   <module>() - INFO - Update
2019-08-24 15:32:53,273 - myplatform: 151 -   <module>() - INFO - Draw
2019-08-24 15:32:53,301 - myplatform: 144 -   <module>() - INFO - Update
2019-08-24 15:32:53,307 - myplatform: 151 -   <module>() - INFO - Draw
2019-08-24 15:32:53,335 - myplatform: 144 -   <module>() - INFO - Update
2019-08-24 15:32:53,341 - myplatform: 151 -   <module>() - INFO - Draw
2019-08-24 15:32:53,370 - myplatform: 144 -   <module>() - INFO - Update
2019-08-24 15:32:53,376 - myplatform: 151 -   <module>() - INFO - Draw
2019-08-24 15:32:53,403 - myplatform: 144 -   <module>() - INFO - Update
2019-08-24 15:32:53,409 - myplatform: 151 -   <module>() - INFO - Draw
2019-08-24 15:32:53,437 - myplatform: 144 -   <module>() - INFO - Update
2019-08-24 15:32:53,444 - myplatform: 151 -   <module>() - INFO - Draw
2019-08-24 15:32:53,471 - myplatform: 144 -   <module>() - INFO - Update
2019-08-24 15:32:53,478 - myplatform: 151 -   <module>() - INFO - Draw
2019-08-24 15:32:53,504 - myplatform: 144 -   <module>() - INFO - Update
2019-08-24 15:32:53,511 - myplatform: 151 -   <module>() - INFO - Draw
2019-08-24 15:32:53,538 - myplatform: 144 -   <module>() - INFO - Update
2019-08-24 15:32:53,544 - myplatform: 151 -   <module>() - INFO - Draw
2019-08-24 15:32:53,571 - myplatform: 144 -   <module>() - INFO - Update
2019-08-24 15:32:53,577 - myplatform: 151 -   <module>() - INFO - Draw
2019-08-24 15:32:53,605 - myplatform: 144 -   <module>() - INFO - Update
2019-08-24 15:32:53,612 - myplatform: 151 -   <module>() - INFO - Draw
2019-08-24 15:32:53,639 - myplatform: 144 -   <module>() - INFO - Update
2019-08-24 15:32:53,646 - myplatform: 151 -   <module>() - INFO - Draw
2019-08-24 15:32:53,672 - myplatform: 144 -   <module>() - INFO - Update
2019-08-24 15:32:53,678 - myplatform: 151 -   <module>() - INFO - Draw
2019-08-24 15:32:53,707 - myplatform: 144 -   <module>() - INFO - Update
2019-08-24 15:32:53,713 - myplatform: 151 -   <module>() - INFO - Draw
2019-08-24 15:32:53,740 - myplatform: 144 -   <module>() - INFO - Update
2019-08-24 15:32:53,746 - myplatform: 151 -   <module>() - INFO - Draw
2019-08-24 15:32:53,773 - myplatform: 144 -   <module>() - INFO - Update
2019-08-24 15:32:53,779 - myplatform: 151 -   <module>() - INFO - Draw
2019-08-24 15:32:53,807 - myplatform: 144 -   <module>() - INFO - Update
2019-08-24 15:32:53,813 - myplatform: 151 -   <module>() - INFO - Draw
2019-08-24 15:32:53,841 - myplatform: 144 -   <module>() - INFO - Update
2019-08-24 15:32:53,847 - myplatform: 151 -   <module>() - INFO - Draw
2019-08-24 15:32:53,876 - myplatform: 144 -   <module>() - INFO - Update
2019-08-24 15:32:53,883 - myplatform: 151 -   <module>() - INFO - Draw
2019-08-24 15:32:53,909 - myplatform: 144 -   <module>() - INFO - Update
2019-08-24 15:32:53,916 - myplatform: 151 -   <module>() - INFO - Draw
2019-08-24 15:32:53,942 - myplatform: 144 -   <module>() - INFO - Update
2019-08-24 15:32:53,949 - myplatform: 151 -   <module>() - INFO - Draw
2019-08-24 15:32:53,976 - myplatform: 144 -   <module>() - INFO - Update
2019-08-24 15:32:53,982 - myplatform: 151 -   <module>() - INFO - Draw
2019-08-24 15:32:54,010 - myplatform: 144 -   <module>() - INFO - Update
2019-08-24 15:32:54,016 - myplatform: 151 -   <module>() - INFO - Draw
2019-08-24 15:32:54,044 - myplatform: 144 -   <module>() - INFO - Update
2019-08-24 15:32:54,050 - myplatform: 151 -   <module>() - INFO - Draw
2019-08-24 15:32:54,078 - myplatform: 144 -   <module>() - INFO - Update
2019-08-24 15:32:54,085 - myplatform: 151 -   <module>() - INFO - Draw
2019-08-24 15:32:54,112 - myplatform: 144 -   <module>() - INFO - Update
2019-08-24 15:32:54,118 - myplatform: 151 -   <module>() - INFO - Draw
2019-08-24 15:32:54,146 - myplatform: 144 -   <module>() - INFO - Update
2019-08-24 15:32:54,153 - myplatform: 151 -   <module>() - INFO - Draw
2019-08-24 15:32:54,180 - myplatform: 144 -   <module>() - INFO - Update
2019-08-24 15:32:54,186 - myplatform: 151 -   <module>() - INFO - Draw
2019-08-24 15:32:54,214 - myplatform: 144 -   <module>() - INFO - Update
2019-08-24 15:32:54,219 - myplatform: 151 -   <module>() - INFO - Draw
2019-08-24 15:32:54,247 - myplatform: 144 -   <module>() - INFO - Update
2019-08-24 15:32:54,253 - myplatform: 151 -   <module>() - INFO - Draw
2019-08-24 15:32:54,281 - myplatform: 144 -   <module>() - INFO - Update
2019-08-24 15:32:54,287 - myplatform: 151 -   <module>() - INFO - Draw
2019-08-24 15:32:54,315 - myplatform: 144 -   <module>() - INFO - Update
2019-08-24 15:32:54,322 - myplatform: 151 -   <module>() - INFO - Draw
2019-08-24 15:32:54,349 - myplatform: 144 -   <module>() - INFO - Update
2019-08-24 15:32:54,356 - myplatform: 151 -   <module>() - INFO - Draw
2019-08-24 15:32:54,384 - myplatform: 144 -   <module>() - INFO - Update
2019-08-24 15:32:54,390 - myplatform: 151 -   <module>() - INFO - Draw
2019-08-24 15:32:54,418 - myplatform: 144 -   <module>() - INFO - Update
2019-08-24 15:32:54,425 - myplatform: 151 -   <module>() - INFO - Draw
2019-08-24 15:32:54,452 - myplatform: 144 -   <module>() - INFO - Update
2019-08-24 15:32:54,458 - myplatform: 151 -   <module>() - INFO - Draw
2019-08-24 15:32:54,485 - myplatform: 144 -   <module>() - INFO - Update
2019-08-24 15:32:54,492 - myplatform: 151 -   <module>() - INFO - Draw
2019-08-24 15:32:54,519 - myplatform: 144 -   <module>() - INFO - Update
2019-08-24 15:32:54,526 - myplatform: 151 -   <module>() - INFO - Draw
2019-08-24 15:32:54,553 - myplatform: 144 -   <module>() - INFO - Update
2019-08-24 15:32:54,559 - myplatform: 151 -   <module>() - INFO - Draw
2019-08-24 15:32:54,586 - myplatform: 144 -   <module>() - INFO - Update
2019-08-24 15:32:54,593 - myplatform: 151 -   <module>() - INFO - Draw
2019-08-24 15:32:54,620 - myplatform: 144 -   <module>() - INFO - Update
2019-08-24 15:32:54,626 - myplatform: 151 -   <module>() - INFO - Draw
2019-08-24 15:32:54,655 - myplatform: 144 -   <module>() - INFO - Update
2019-08-24 15:32:54,661 - myplatform: 151 -   <module>() - INFO - Draw
2019-08-24 15:32:54,689 - myplatform: 144 -   <module>() - INFO - Update
2019-08-24 15:32:54,696 - myplatform: 151 -   <module>() - INFO - Draw
2019-08-24 15:32:54,723 - myplatform: 144 -   <module>() - INFO - Update
2019-08-24 15:32:54,729 - myplatform: 151 -   <module>() - INFO - Draw
2019-08-24 15:32:54,758 - myplatform: 144 -   <module>() - INFO - Update
2019-08-24 15:32:54,763 - myplatform: 151 -   <module>() - INFO - Draw
2019-08-24 15:32:54,792 - myplatform: 144 -   <module>() - INFO - Update
2019-08-24 15:32:54,796 - myplatform: 151 -   <module>() - INFO - Draw
2019-08-24 15:32:54,826 - myplatform: 144 -   <module>() - INFO - Update
2019-08-24 15:32:54,833 - myplatform: 151 -   <module>() - INFO - Draw
2019-08-24 15:32:54,860 - myplatform: 144 -   <module>() - INFO - Update
2019-08-24 15:32:54,867 - myplatform: 151 -   <module>() - INFO - Draw
2019-08-24 15:32:54,894 - myplatform: 144 -   <module>() - INFO - Update
2019-08-24 15:32:54,900 - myplatform: 151 -   <module>() - INFO - Draw
2019-08-24 15:32:54,928 - myplatform: 144 -   <module>() - INFO - Update
2019-08-24 15:32:54,934 - myplatform: 151 -   <module>() - INFO - Draw
2019-08-24 15:32:54,962 - myplatform: 144 -   <module>() - INFO - Update
2019-08-24 15:32:54,968 - myplatform: 151 -   <module>() - INFO - Draw
2019-08-24 15:32:54,996 - myplatform: 144 -   <module>() - INFO - Update
2019-08-24 15:32:55,003 - myplatform: 151 -   <module>() - INFO - Draw
2019-08-24 15:32:55,029 - myplatform: 144 -   <module>() - INFO - Update
2019-08-24 15:32:55,035 - myplatform: 151 -   <module>() - INFO - Draw
2019-08-24 15:32:55,063 - myplatform: 144 -   <module>() - INFO - Update
2019-08-24 15:32:55,069 - myplatform: 151 -   <module>() - INFO - Draw
2019-08-24 15:32:55,096 - myplatform: 144 -   <module>() - INFO - Update
2019-08-24 15:32:55,102 - myplatform: 151 -   <module>() - INFO - Draw
2019-08-24 15:32:55,131 - myplatform: 144 -   <module>() - INFO - Update
2019-08-24 15:32:55,137 - myplatform: 151 -   <module>() - INFO - Draw
2019-08-24 15:32:55,165 - myplatform: 144 -   <module>() - INFO - Update
2019-08-24 15:32:55,170 - myplatform: 151 -   <module>() - INFO - Draw
2019-08-24 15:32:55,199 - myplatform: 144 -   <module>() - INFO - Update
2019-08-24 15:32:55,201 - myplatform: 151 -   <module>() - INFO - Draw
2019-08-24 15:32:55,232 - myplatform: 144 -   <module>() - INFO - Update
2019-08-24 15:32:55,234 - myplatform: 151 -   <module>() - INFO - Draw
2019-08-24 15:32:55,267 - myplatform: 144 -   <module>() - INFO - Update
2019-08-24 15:32:55,272 - myplatform: 151 -   <module>() - INFO - Draw
2019-08-24 15:32:55,301 - myplatform: 144 -   <module>() - INFO - Update
2019-08-24 15:32:55,307 - myplatform: 151 -   <module>() - INFO - Draw
2019-08-24 15:32:55,335 - myplatform: 144 -   <module>() - INFO - Update
2019-08-24 15:32:55,341 - myplatform: 151 -   <module>() - INFO - Draw
2019-08-24 15:32:55,368 - myplatform: 144 -   <module>() - INFO - Update
2019-08-24 15:32:55,375 - myplatform: 151 -   <module>() - INFO - Draw
2019-08-24 15:32:55,402 - myplatform: 144 -   <module>() - INFO - Update
2019-08-24 15:32:55,407 - myplatform: 151 -   <module>() - INFO - Draw
2019-08-24 15:32:55,436 - myplatform: 144 -   <module>() - INFO - Update
2019-08-24 15:32:55,442 - myplatform: 151 -   <module>() - INFO - Draw
2019-08-24 15:32:55,471 - myplatform: 144 -   <module>() - INFO - Update
2019-08-24 15:32:55,477 - myplatform: 151 -   <module>() - INFO - Draw
2019-08-24 15:32:55,504 - myplatform: 144 -   <module>() - INFO - Update
2019-08-24 15:32:55,510 - myplatform: 151 -   <module>() - INFO - Draw
2019-08-24 15:32:55,537 - myplatform: 144 -   <module>() - INFO - Update
2019-08-24 15:32:55,543 - myplatform: 151 -   <module>() - INFO - Draw
2019-08-24 15:32:55,571 - myplatform: 144 -   <module>() - INFO - Update
2019-08-24 15:32:55,577 - myplatform: 151 -   <module>() - INFO - Draw
2019-08-24 15:32:55,605 - myplatform: 144 -   <module>() - INFO - Update
2019-08-24 15:32:55,608 - myplatform: 151 -   <module>() - INFO - Draw
2019-08-24 15:32:55,639 - myplatform: 144 -   <module>() - INFO - Update
2019-08-24 15:32:55,646 - myplatform: 151 -   <module>() - INFO - Draw
2019-08-24 15:32:55,673 - myplatform: 144 -   <module>() - INFO - Update
2019-08-24 15:32:55,679 - myplatform: 151 -   <module>() - INFO - Draw
2019-08-24 15:32:55,707 - myplatform: 144 -   <module>() - INFO - Update
2019-08-24 15:32:55,713 - myplatform: 151 -   <module>() - INFO - Draw
2019-08-24 15:32:55,742 - myplatform: 144 -   <module>() - INFO - Update
2019-08-24 15:32:55,748 - myplatform: 151 -   <module>() - INFO - Draw
2019-08-24 15:32:55,777 - myplatform: 144 -   <module>() - INFO - Update
2019-08-24 15:32:55,784 - myplatform: 151 -   <module>() - INFO - Draw
2019-08-24 15:32:55,812 - myplatform: 144 -   <module>() - INFO - Update
2019-08-24 15:32:55,818 - myplatform: 151 -   <module>() - INFO - Draw
2019-08-24 15:32:55,847 - myplatform: 144 -   <module>() - INFO - Update
2019-08-24 15:32:55,853 - myplatform: 151 -   <module>() - INFO - Draw
2019-08-24 15:32:55,881 - myplatform: 144 -   <module>() - INFO - Update
2019-08-24 15:32:55,887 - myplatform: 151 -   <module>() - INFO - Draw
2019-08-24 15:32:55,916 - myplatform: 144 -   <module>() - INFO - Update
2019-08-24 15:32:55,923 - myplatform: 151 -   <module>() - INFO - Draw
2019-08-24 15:32:55,950 - myplatform: 144 -   <module>() - INFO - Update
2019-08-24 15:32:55,956 - myplatform: 151 -   <module>() - INFO - Draw
2019-08-24 15:32:55,984 - myplatform: 144 -   <module>() - INFO - Update
2019-08-24 15:32:55,990 - myplatform: 151 -   <module>() - INFO - Draw
2019-08-24 15:32:56,018 - myplatform: 144 -   <module>() - INFO - Update
2019-08-24 15:32:56,025 - myplatform: 151 -   <module>() - INFO - Draw
2019-08-24 15:32:56,052 - myplatform: 144 -   <module>() - INFO - Update
2019-08-24 15:32:56,058 - myplatform: 151 -   <module>() - INFO - Draw
2019-08-24 15:32:56,085 - myplatform: 144 -   <module>() - INFO - Update
2019-08-24 15:32:56,090 - myplatform: 151 -   <module>() - INFO - Draw
2019-08-24 15:32:56,119 - myplatform: 144 -   <module>() - INFO - Update
2019-08-24 15:32:56,125 - myplatform: 151 -   <module>() - INFO - Draw
2019-08-24 15:32:56,153 - myplatform: 144 -   <module>() - INFO - Update
2019-08-24 15:32:56,160 - myplatform: 151 -   <module>() - INFO - Draw
2019-08-24 15:32:56,187 - myplatform: 144 -   <module>() - INFO - Update
2019-08-24 15:32:56,193 - myplatform: 151 -   <module>() - INFO - Draw
2019-08-24 15:32:56,221 - myplatform: 144 -   <module>() - INFO - Update
2019-08-24 15:32:56,227 - myplatform: 151 -   <module>() - INFO - Draw
2019-08-24 15:32:56,255 - myplatform: 144 -   <module>() - INFO - Update
2019-08-24 15:32:56,262 - myplatform: 151 -   <module>() - INFO - Draw
2019-08-24 15:32:56,289 - myplatform: 144 -   <module>() - INFO - Update
2019-08-24 15:32:56,296 - myplatform: 151 -   <module>() - INFO - Draw
2019-08-24 15:32:56,324 - myplatform: 144 -   <module>() - INFO - Update
2019-08-24 15:32:56,331 - myplatform: 151 -   <module>() - INFO - Draw
2019-08-24 15:32:56,357 - myplatform: 144 -   <module>() - INFO - Update
2019-08-24 15:32:56,364 - myplatform: 151 -   <module>() - INFO - Draw
2019-08-24 15:32:56,391 - myplatform: 144 -   <module>() - INFO - Update
2019-08-24 15:32:56,397 - myplatform: 151 -   <module>() - INFO - Draw
2019-08-24 15:32:56,426 - myplatform: 144 -   <module>() - INFO - Update
2019-08-24 15:32:56,433 - myplatform: 151 -   <module>() - INFO - Draw
2019-08-24 15:32:56,460 - myplatform: 144 -   <module>() - INFO - Update
2019-08-24 15:32:56,466 - myplatform: 151 -   <module>() - INFO - Draw
2019-08-24 15:32:56,493 - myplatform: 144 -   <module>() - INFO - Update
2019-08-24 15:32:56,499 - myplatform: 151 -   <module>() - INFO - Draw
2019-08-24 15:32:56,528 - myplatform: 144 -   <module>() - INFO - Update
2019-08-24 15:32:56,534 - myplatform: 151 -   <module>() - INFO - Draw
2019-08-24 15:32:56,562 - myplatform: 144 -   <module>() - INFO - Update
2019-08-24 15:32:56,566 - myplatform: 151 -   <module>() - INFO - Draw
2019-08-24 15:32:56,596 - myplatform: 144 -   <module>() - INFO - Update
2019-08-24 15:32:56,600 - myplatform: 151 -   <module>() - INFO - Draw
2019-08-24 15:32:56,631 - myplatform: 144 -   <module>() - INFO - Update
2019-08-24 15:32:56,634 - myplatform: 151 -   <module>() - INFO - Draw
2019-08-24 15:32:56,664 - myplatform: 144 -   <module>() - INFO - Update
2019-08-24 15:32:56,670 - myplatform: 151 -   <module>() - INFO - Draw
2019-08-24 15:32:56,698 - myplatform: 144 -   <module>() - INFO - Update
2019-08-24 15:32:56,704 - myplatform: 151 -   <module>() - INFO - Draw
2019-08-24 15:32:56,732 - myplatform: 144 -   <module>() - INFO - Update
2019-08-24 15:32:56,739 - myplatform: 151 -   <module>() - INFO - Draw
2019-08-24 15:32:56,765 - myplatform: 144 -   <module>() - INFO - Update
2019-08-24 15:32:56,772 - myplatform: 151 -   <module>() - INFO - Draw
2019-08-24 15:32:56,799 - myplatform: 144 -   <module>() - INFO - Update
2019-08-24 15:32:56,805 - myplatform: 151 -   <module>() - INFO - Draw
2019-08-24 15:32:56,833 - myplatform: 144 -   <module>() - INFO - Update
2019-08-24 15:32:56,838 - myplatform: 151 -   <module>() - INFO - Draw
2019-08-24 15:32:56,866 - myplatform: 144 -   <module>() - INFO - Update
2019-08-24 15:32:56,872 - myplatform: 151 -   <module>() - INFO - Draw
2019-08-24 15:32:56,901 - myplatform: 144 -   <module>() - INFO - Update
2019-08-24 15:32:56,908 - myplatform: 151 -   <module>() - INFO - Draw
2019-08-24 15:32:56,935 - myplatform: 144 -   <module>() - INFO - Update
2019-08-24 15:32:56,941 - myplatform: 151 -   <module>() - INFO - Draw
2019-08-24 15:32:56,969 - myplatform: 144 -   <module>() - INFO - Update
2019-08-24 15:32:56,976 - myplatform: 151 -   <module>() - INFO - Draw
2019-08-24 15:32:57,003 - myplatform: 144 -   <module>() - INFO - Update
2019-08-24 15:32:57,009 - myplatform: 151 -   <module>() - INFO - Draw
2019-08-24 15:32:57,038 - myplatform: 144 -   <module>() - INFO - Update
2019-08-24 15:32:57,044 - myplatform: 151 -   <module>() - INFO - Draw
2019-08-24 15:32:57,072 - myplatform: 144 -   <module>() - INFO - Update
2019-08-24 15:32:57,078 - myplatform: 151 -   <module>() - INFO - Draw
2019-08-24 15:32:57,106 -   scene.py: 199 -  timer_pop() - INFO - Timer pop
2019-08-24 15:32:57,107 -   scene.py: 201 -  timer_pop() - INFO - Redraw lock
2019-08-24 15:32:57,107 - character.: 136 -        die() - INFO - Dead
2019-08-24 15:32:57,108 - myplatform: 144 -   <module>() - INFO - Update
2019-08-24 15:32:57,114 - myplatform: 151 -   <module>() - INFO - Draw
2019-08-24 15:32:57,141 - myplatform: 118 -   <module>() - INFO - Player dead event received
2019-08-24 15:33:00,316 - myplatform: 144 -   <module>() - INFO - Update
2019-08-24 15:33:00,318 - myplatform: 151 -   <module>() - INFO - Draw
2019-08-24 15:33:00,319 - myplatform: 144 -   <module>() - INFO - Update
2019-08-24 15:33:00,321 - myplatform: 151 -   <module>() - INFO - Draw
2019-08-24 15:33:00,353 - myplatform: 144 -   <module>() - INFO - Update
2019-08-24 15:33:00,355 - myplatform: 151 -   <module>() - INFO - Draw
2019-08-24 15:33:00,387 - myplatform: 144 -   <module>() - INFO - Update
2019-08-24 15:33:00,393 - myplatform: 151 -   <module>() - INFO - Draw
2019-08-24 15:33:00,422 - myplatform: 144 -   <module>() - INFO - Update
2019-08-24 15:33:00,428 - myplatform: 151 -   <module>() - INFO - Draw
2019-08-24 15:33:00,456 - myplatform: 144 -   <module>() - INFO - Update
2019-08-24 15:33:00,462 - myplatform: 151 -   <module>() - INFO - Draw
2019-08-24 15:33:00,491 - myplatform: 144 -   <module>() - INFO - Update
2019-08-24 15:33:00,497 - myplatform: 151 -   <module>() - INFO - Draw
2019-08-24 15:33:00,525 - myplatform: 144 -   <module>() - INFO - Update
2019-08-24 15:33:00,532 - myplatform: 151 -   <module>() - INFO - Draw
2019-08-24 15:33:00,560 - myplatform: 144 -   <module>() - INFO - Update
2019-08-24 15:33:00,566 - myplatform: 151 -   <module>() - INFO - Draw
2019-08-24 15:33:00,595 - myplatform: 144 -   <module>() - INFO - Update
2019-08-24 15:33:00,600 - myplatform: 151 -   <module>() - INFO - Draw
2019-08-24 15:33:00,628 - myplatform: 144 -   <module>() - INFO - Update
2019-08-24 15:33:00,635 - myplatform: 151 -   <module>() - INFO - Draw
2019-08-24 15:33:00,662 - myplatform: 144 -   <module>() - INFO - Update
2019-08-24 15:33:00,668 - myplatform: 151 -   <module>() - INFO - Draw
2019-08-24 15:33:00,696 - myplatform: 144 -   <module>() - INFO - Update
2019-08-24 15:33:00,702 - myplatform: 151 -   <module>() - INFO - Draw
2019-08-24 15:33:00,728 - myplatform: 144 -   <module>() - INFO - Update
2019-08-24 15:33:00,734 - myplatform: 151 -   <module>() - INFO - Draw
2019-08-24 15:33:00,762 - myplatform: 144 -   <module>() - INFO - Update
2019-08-24 15:33:00,768 - myplatform: 151 -   <module>() - INFO - Draw
2019-08-24 15:33:00,801 - myplatform: 144 -   <module>() - INFO - Update
2019-08-24 15:33:00,808 - myplatform: 151 -   <module>() - INFO - Draw
2019-08-24 15:33:00,832 - myplatform: 144 -   <module>() - INFO - Update
2019-08-24 15:33:00,838 - myplatform: 151 -   <module>() - INFO - Draw
2019-08-24 15:33:00,865 - myplatform: 144 -   <module>() - INFO - Update
2019-08-24 15:33:00,871 - myplatform: 151 -   <module>() - INFO - Draw
2019-08-24 15:33:00,900 - myplatform: 144 -   <module>() - INFO - Update
2019-08-24 15:33:00,903 - myplatform: 151 -   <module>() - INFO - Draw
2019-08-24 15:33:00,935 - myplatform: 144 -   <module>() - INFO - Update
2019-08-24 15:33:00,937 - myplatform: 151 -   <module>() - INFO - Draw
2019-08-24 15:33:00,968 - myplatform: 144 -   <module>() - INFO - Update
2019-08-24 15:33:00,975 - myplatform: 151 -   <module>() - INFO - Draw
2019-08-24 15:33:01,003 - myplatform: 144 -   <module>() - INFO - Update
2019-08-24 15:33:01,010 - myplatform: 151 -   <module>() - INFO - Draw
2019-08-24 15:33:01,037 - myplatform: 144 -   <module>() - INFO - Update
2019-08-24 15:33:01,044 - myplatform: 151 -   <module>() - INFO - Draw
2019-08-24 15:33:01,071 - myplatform: 144 -   <module>() - INFO - Update
2019-08-24 15:33:01,078 - myplatform: 151 -   <module>() - INFO - Draw
2019-08-24 15:33:01,104 - myplatform: 144 -   <module>() - INFO - Update
2019-08-24 15:33:01,111 - myplatform: 151 -   <module>() - INFO - Draw
2019-08-24 15:33:01,138 - myplatform: 144 -   <module>() - INFO - Update
2019-08-24 15:33:01,145 - myplatform: 151 -   <module>() - INFO - Draw
2019-08-24 15:33:01,173 - myplatform: 144 -   <module>() - INFO - Update
2019-08-24 15:33:01,180 - myplatform: 151 -   <module>() - INFO - Draw
2019-08-24 15:33:01,207 - myplatform: 144 -   <module>() - INFO - Update
2019-08-24 15:33:01,214 - myplatform: 151 -   <module>() - INFO - Draw
2019-08-24 15:33:01,240 - myplatform: 144 -   <module>() - INFO - Update
2019-08-24 15:33:01,247 - myplatform: 151 -   <module>() - INFO - Draw
2019-08-24 15:33:01,274 - myplatform: 144 -   <module>() - INFO - Update
2019-08-24 15:33:01,280 - myplatform: 151 -   <module>() - INFO - Draw
2019-08-24 15:33:01,308 - myplatform: 144 -   <module>() - INFO - Update
2019-08-24 15:33:01,314 - myplatform: 151 -   <module>() - INFO - Draw
2019-08-24 15:33:01,343 - myplatform: 144 -   <module>() - INFO - Update
2019-08-24 15:33:01,349 - myplatform: 151 -   <module>() - INFO - Draw
2019-08-24 15:33:01,376 - myplatform: 144 -   <module>() - INFO - Update
2019-08-24 15:33:01,383 - myplatform: 151 -   <module>() - INFO - Draw
2019-08-24 15:33:01,469 - myplatform: 144 -   <module>() - INFO - Update
2019-08-24 15:33:01,471 - myplatform: 151 -   <module>() - INFO - Draw
2019-08-24 15:33:01,472 - myplatform: 144 -   <module>() - INFO - Update
2019-08-24 15:33:01,473 - myplatform: 151 -   <module>() - INFO - Draw
2019-08-24 15:33:01,506 - myplatform: 144 -   <module>() - INFO - Update
2019-08-24 15:33:01,509 - myplatform: 151 -   <module>() - INFO - Draw
2019-08-24 15:33:01,540 - myplatform: 144 -   <module>() - INFO - Update
2019-08-24 15:33:01,546 - myplatform: 151 -   <module>() - INFO - Draw
2019-08-24 15:33:01,574 - myplatform: 144 -   <module>() - INFO - Update
2019-08-24 15:33:01,580 - myplatform: 151 -   <module>() - INFO - Draw
2019-08-24 15:33:01,608 - myplatform: 144 -   <module>() - INFO - Update
2019-08-24 15:33:01,614 - myplatform: 151 -   <module>() - INFO - Draw
2019-08-24 15:33:01,642 - myplatform: 144 -   <module>() - INFO - Update
2019-08-24 15:33:01,648 - myplatform: 151 -   <module>() - INFO - Draw
2019-08-24 15:33:01,677 - myplatform: 144 -   <module>() - INFO - Update
2019-08-24 15:33:01,683 - myplatform: 151 -   <module>() - INFO - Draw
2019-08-24 15:33:01,711 - myplatform: 144 -   <module>() - INFO - Update
2019-08-24 15:33:01,717 - myplatform: 151 -   <module>() - INFO - Draw
2019-08-24 15:33:01,745 - myplatform: 144 -   <module>() - INFO - Update
2019-08-24 15:33:01,752 - myplatform: 151 -   <module>() - INFO - Draw
2019-08-24 15:33:01,779 - myplatform: 144 -   <module>() - INFO - Update
2019-08-24 15:33:01,785 - myplatform: 151 -   <module>() - INFO - Draw
2019-08-24 15:33:01,812 - myplatform: 144 -   <module>() - INFO - Update
2019-08-24 15:33:01,818 - myplatform: 151 -   <module>() - INFO - Draw
2019-08-24 15:33:01,847 - myplatform: 144 -   <module>() - INFO - Update
2019-08-24 15:33:01,853 - myplatform: 151 -   <module>() - INFO - Draw
2019-08-24 15:33:01,881 - myplatform: 144 -   <module>() - INFO - Update
2019-08-24 15:33:01,887 - myplatform: 151 -   <module>() - INFO - Draw
2019-08-24 15:33:01,913 - myplatform: 144 -   <module>() - INFO - Update
2019-08-24 15:33:01,919 - myplatform: 151 -   <module>() - INFO - Draw
2019-08-24 15:33:01,947 - myplatform: 144 -   <module>() - INFO - Update
2019-08-24 15:33:01,954 - myplatform: 151 -   <module>() - INFO - Draw
2019-08-24 15:33:01,981 - myplatform: 144 -   <module>() - INFO - Update
2019-08-24 15:33:01,987 - myplatform: 151 -   <module>() - INFO - Draw
2019-08-24 15:33:02,015 - myplatform: 144 -   <module>() - INFO - Update
2019-08-24 15:33:02,021 - myplatform: 151 -   <module>() - INFO - Draw
2019-08-24 15:33:02,049 - myplatform: 144 -   <module>() - INFO - Update
2019-08-24 15:33:02,056 - myplatform: 151 -   <module>() - INFO - Draw
2019-08-24 15:33:02,083 - myplatform: 144 -   <module>() - INFO - Update
2019-08-24 15:33:02,090 - myplatform: 151 -   <module>() - INFO - Draw
2019-08-24 15:33:02,117 - myplatform: 144 -   <module>() - INFO - Update
2019-08-24 15:33:02,124 - myplatform: 151 -   <module>() - INFO - Draw
2019-08-24 15:33:02,152 - myplatform: 144 -   <module>() - INFO - Update
2019-08-24 15:33:02,159 - myplatform: 151 -   <module>() - INFO - Draw
2019-08-24 15:33:02,185 - myplatform: 144 -   <module>() - INFO - Update
2019-08-24 15:33:02,192 - myplatform: 151 -   <module>() - INFO - Draw
2019-08-24 15:33:02,219 - myplatform: 144 -   <module>() - INFO - Update
2019-08-24 15:33:02,226 - myplatform: 151 -   <module>() - INFO - Draw
2019-08-24 15:33:02,253 - myplatform: 144 -   <module>() - INFO - Update
2019-08-24 15:33:02,260 - myplatform: 151 -   <module>() - INFO - Draw
2019-08-24 15:33:02,287 - myplatform: 144 -   <module>() - INFO - Update
2019-08-24 15:33:02,294 - myplatform: 151 -   <module>() - INFO - Draw
2019-08-24 15:33:02,384 - myplatform: 144 -   <module>() - INFO - Update
2019-08-24 15:33:02,386 - myplatform: 151 -   <module>() - INFO - Draw
